
C:\Users\Linux\Downloads\06_12\obj\stm32f10x_flash.o:     file format elf32-littlearm
C:\Users\Linux\Downloads\06_12\obj\stm32f10x_flash.o

Disassembly of section .text.FLASH_SetLatency:

00000000 <FLASH_SetLatency>:
FLASH_SetLatency():
C:\Users\Linux\Downloads\06_12\en.stsw-stm32054\STM32F10x_StdPeriph_Lib_V3.5.0\Libraries\STM32F10x_StdPeriph_Driver\src/stm32f10x_flash.c:262
  
  /* Check the parameters */
  assert_param(IS_FLASH_LATENCY(FLASH_Latency));
  
  /* Read the ACR register */
  tmpreg = FLASH->ACR;  
   0:	4b03      	ldr	r3, [pc, #12]	(10 <FLASH_SetLatency+0x10>)
   2:	681a      	ldr	r2, [r3, #0]
C:\Users\Linux\Downloads\06_12\en.stsw-stm32054\STM32F10x_StdPeriph_Lib_V3.5.0\Libraries\STM32F10x_StdPeriph_Driver\src/stm32f10x_flash.c:265
  
  /* Sets the Latency value */
  tmpreg &= ACR_LATENCY_Mask;
   4:	f002 0238 	and.w	r2, r2, #56	; 0x38
C:\Users\Linux\Downloads\06_12\en.stsw-stm32054\STM32F10x_StdPeriph_Lib_V3.5.0\Libraries\STM32F10x_StdPeriph_Driver\src/stm32f10x_flash.c:266
  tmpreg |= FLASH_Latency;
   8:	4310      	orrs	r0, r2
C:\Users\Linux\Downloads\06_12\en.stsw-stm32054\STM32F10x_StdPeriph_Lib_V3.5.0\Libraries\STM32F10x_StdPeriph_Driver\src/stm32f10x_flash.c:269
  
  /* Write the ACR register */
  FLASH->ACR = tmpreg;
   a:	6018      	str	r0, [r3, #0]
C:\Users\Linux\Downloads\06_12\en.stsw-stm32054\STM32F10x_StdPeriph_Lib_V3.5.0\Libraries\STM32F10x_StdPeriph_Driver\src/stm32f10x_flash.c:270
}
   c:	4770      	bx	lr
   e:	46c0      	nop			(mov r8, r8)
  10:	40022000 	.word	0x40022000
Disassembly of section .text.FLASH_HalfCycleAccessCmd:

00000000 <FLASH_HalfCycleAccessCmd>:
FLASH_HalfCycleAccessCmd():
C:\Users\Linux\Downloads\06_12\en.stsw-stm32054\STM32F10x_StdPeriph_Lib_V3.5.0\Libraries\STM32F10x_StdPeriph_Driver\src/stm32f10x_flash.c:287
{
  /* Check the parameters */
  assert_param(IS_FLASH_HALFCYCLEACCESS_STATE(FLASH_HalfCycleAccess));
  
  /* Enable or disable the Half cycle access */
  FLASH->ACR &= ACR_HLFCYA_Mask;
   0:	4a04      	ldr	r2, [pc, #16]	(14 <FLASH_HalfCycleAccessCmd+0x14>)
   2:	6813      	ldr	r3, [r2, #0]
   4:	f023 0308 	bic.w	r3, r3, #8	; 0x8
   8:	6013      	str	r3, [r2, #0]
C:\Users\Linux\Downloads\06_12\en.stsw-stm32054\STM32F10x_StdPeriph_Lib_V3.5.0\Libraries\STM32F10x_StdPeriph_Driver\src/stm32f10x_flash.c:288
  FLASH->ACR |= FLASH_HalfCycleAccess;
   a:	6813      	ldr	r3, [r2, #0]
   c:	4318      	orrs	r0, r3
   e:	6010      	str	r0, [r2, #0]
C:\Users\Linux\Downloads\06_12\en.stsw-stm32054\STM32F10x_StdPeriph_Lib_V3.5.0\Libraries\STM32F10x_StdPeriph_Driver\src/stm32f10x_flash.c:289
}
  10:	4770      	bx	lr
  12:	46c0      	nop			(mov r8, r8)
  14:	40022000 	.word	0x40022000
Disassembly of section .text.FLASH_PrefetchBufferCmd:

00000000 <FLASH_PrefetchBufferCmd>:
FLASH_PrefetchBufferCmd():
C:\Users\Linux\Downloads\06_12\en.stsw-stm32054\STM32F10x_StdPeriph_Lib_V3.5.0\Libraries\STM32F10x_StdPeriph_Driver\src/stm32f10x_flash.c:306
{
  /* Check the parameters */
  assert_param(IS_FLASH_PREFETCHBUFFER_STATE(FLASH_PrefetchBuffer));
  
  /* Enable or disable the Prefetch Buffer */
  FLASH->ACR &= ACR_PRFTBE_Mask;
   0:	4a04      	ldr	r2, [pc, #16]	(14 <FLASH_PrefetchBufferCmd+0x14>)
   2:	6813      	ldr	r3, [r2, #0]
   4:	f023 0310 	bic.w	r3, r3, #16	; 0x10
   8:	6013      	str	r3, [r2, #0]
C:\Users\Linux\Downloads\06_12\en.stsw-stm32054\STM32F10x_StdPeriph_Lib_V3.5.0\Libraries\STM32F10x_StdPeriph_Driver\src/stm32f10x_flash.c:307
  FLASH->ACR |= FLASH_PrefetchBuffer;
   a:	6813      	ldr	r3, [r2, #0]
   c:	4318      	orrs	r0, r3
   e:	6010      	str	r0, [r2, #0]
C:\Users\Linux\Downloads\06_12\en.stsw-stm32054\STM32F10x_StdPeriph_Lib_V3.5.0\Libraries\STM32F10x_StdPeriph_Driver\src/stm32f10x_flash.c:308
}
  10:	4770      	bx	lr
  12:	46c0      	nop			(mov r8, r8)
  14:	40022000 	.word	0x40022000
Disassembly of section .text.FLASH_Unlock:

00000000 <FLASH_Unlock>:
FLASH_Unlock():
C:\Users\Linux\Downloads\06_12\en.stsw-stm32054\STM32F10x_StdPeriph_Lib_V3.5.0\Libraries\STM32F10x_StdPeriph_Driver\src/stm32f10x_flash.c:322
  * @retval None
  */
void FLASH_Unlock(void)
{
  /* Authorize the FPEC of Bank1 Access */
  FLASH->KEYR = FLASH_KEY1;
   0:	4b03      	ldr	r3, [pc, #12]	(10 <FLASH_Unlock+0x10>)
   2:	4a04      	ldr	r2, [pc, #16]	(14 <FLASH_Unlock+0x14>)
   4:	605a      	str	r2, [r3, #4]
C:\Users\Linux\Downloads\06_12\en.stsw-stm32054\STM32F10x_StdPeriph_Lib_V3.5.0\Libraries\STM32F10x_StdPeriph_Driver\src/stm32f10x_flash.c:323
  FLASH->KEYR = FLASH_KEY2;
   6:	f102 3288 	add.w	r2, r2, #2290649224	; 0x88888888
   a:	605a      	str	r2, [r3, #4]
C:\Users\Linux\Downloads\06_12\en.stsw-stm32054\STM32F10x_StdPeriph_Lib_V3.5.0\Libraries\STM32F10x_StdPeriph_Driver\src/stm32f10x_flash.c:330
#ifdef STM32F10X_XL
  /* Authorize the FPEC of Bank2 Access */
  FLASH->KEYR2 = FLASH_KEY1;
  FLASH->KEYR2 = FLASH_KEY2;
#endif /* STM32F10X_XL */
}
   c:	4770      	bx	lr
   e:	46c0      	nop			(mov r8, r8)
  10:	40022000 	.word	0x40022000
  14:	45670123 	.word	0x45670123
Disassembly of section .text.FLASH_UnlockBank1:

00000000 <FLASH_UnlockBank1>:
FLASH_UnlockBank1():
C:\Users\Linux\Downloads\06_12\en.stsw-stm32054\STM32F10x_StdPeriph_Lib_V3.5.0\Libraries\STM32F10x_StdPeriph_Driver\src/stm32f10x_flash.c:343
  * @retval None
  */
void FLASH_UnlockBank1(void)
{
  /* Authorize the FPEC of Bank1 Access */
  FLASH->KEYR = FLASH_KEY1;
   0:	4b03      	ldr	r3, [pc, #12]	(10 <FLASH_UnlockBank1+0x10>)
   2:	4a04      	ldr	r2, [pc, #16]	(14 <FLASH_UnlockBank1+0x14>)
   4:	605a      	str	r2, [r3, #4]
C:\Users\Linux\Downloads\06_12\en.stsw-stm32054\STM32F10x_StdPeriph_Lib_V3.5.0\Libraries\STM32F10x_StdPeriph_Driver\src/stm32f10x_flash.c:344
  FLASH->KEYR = FLASH_KEY2;
   6:	f102 3288 	add.w	r2, r2, #2290649224	; 0x88888888
   a:	605a      	str	r2, [r3, #4]
C:\Users\Linux\Downloads\06_12\en.stsw-stm32054\STM32F10x_StdPeriph_Lib_V3.5.0\Libraries\STM32F10x_StdPeriph_Driver\src/stm32f10x_flash.c:345
}
   c:	4770      	bx	lr
   e:	46c0      	nop			(mov r8, r8)
  10:	40022000 	.word	0x40022000
  14:	45670123 	.word	0x45670123
Disassembly of section .text.FLASH_Lock:

00000000 <FLASH_Lock>:
FLASH_Lock():
C:\Users\Linux\Downloads\06_12\en.stsw-stm32054\STM32F10x_StdPeriph_Lib_V3.5.0\Libraries\STM32F10x_StdPeriph_Driver\src/stm32f10x_flash.c:375
  * @retval None
  */
void FLASH_Lock(void)
{
  /* Set the Lock Bit to lock the FPEC and the CR of  Bank1 */
  FLASH->CR |= CR_LOCK_Set;
   0:	4a02      	ldr	r2, [pc, #8]	(c <FLASH_Lock+0xc>)
   2:	6913      	ldr	r3, [r2, #16]
   4:	f043 0380 	orr.w	r3, r3, #128	; 0x80
   8:	6113      	str	r3, [r2, #16]
C:\Users\Linux\Downloads\06_12\en.stsw-stm32054\STM32F10x_StdPeriph_Lib_V3.5.0\Libraries\STM32F10x_StdPeriph_Driver\src/stm32f10x_flash.c:381

#ifdef STM32F10X_XL
  /* Set the Lock Bit to lock the FPEC and the CR of  Bank2 */
  FLASH->CR2 |= CR_LOCK_Set;
#endif /* STM32F10X_XL */
}
   a:	4770      	bx	lr
   c:	40022000 	.word	0x40022000
Disassembly of section .text.FLASH_LockBank1:

00000000 <FLASH_LockBank1>:
FLASH_LockBank1():
C:\Users\Linux\Downloads\06_12\en.stsw-stm32054\STM32F10x_StdPeriph_Lib_V3.5.0\Libraries\STM32F10x_StdPeriph_Driver\src/stm32f10x_flash.c:395
  * @retval None
  */
void FLASH_LockBank1(void)
{
  /* Set the Lock Bit to lock the FPEC and the CR of  Bank1 */
  FLASH->CR |= CR_LOCK_Set;
   0:	4a02      	ldr	r2, [pc, #8]	(c <FLASH_LockBank1+0xc>)
   2:	6913      	ldr	r3, [r2, #16]
   4:	f043 0380 	orr.w	r3, r3, #128	; 0x80
   8:	6113      	str	r3, [r2, #16]
C:\Users\Linux\Downloads\06_12\en.stsw-stm32054\STM32F10x_StdPeriph_Lib_V3.5.0\Libraries\STM32F10x_StdPeriph_Driver\src/stm32f10x_flash.c:396
}
   a:	4770      	bx	lr
   c:	40022000 	.word	0x40022000
Disassembly of section .text.FLASH_GetUserOptionByte:

00000000 <FLASH_GetUserOptionByte>:
FLASH_GetUserOptionByte():
C:\Users\Linux\Downloads\06_12\en.stsw-stm32054\STM32F10x_StdPeriph_Lib_V3.5.0\Libraries\STM32F10x_StdPeriph_Driver\src/stm32f10x_flash.c:1219
  *         and RST_STDBY(Bit2).
  */
uint32_t FLASH_GetUserOptionByte(void)
{
  /* Return the User Option Byte */
  return (uint32_t)(FLASH->OBR >> 2);
   0:	4b01      	ldr	r3, [pc, #4]	(8 <FLASH_GetUserOptionByte+0x8>)
   2:	69d8      	ldr	r0, [r3, #28]
C:\Users\Linux\Downloads\06_12\en.stsw-stm32054\STM32F10x_StdPeriph_Lib_V3.5.0\Libraries\STM32F10x_StdPeriph_Driver\src/stm32f10x_flash.c:1220
}
   4:	0880      	lsrs	r0, r0, #2
   6:	4770      	bx	lr
   8:	40022000 	.word	0x40022000
Disassembly of section .text.FLASH_GetWriteProtectionOptionByte:

00000000 <FLASH_GetWriteProtectionOptionByte>:
FLASH_GetWriteProtectionOptionByte():
C:\Users\Linux\Downloads\06_12\en.stsw-stm32054\STM32F10x_StdPeriph_Lib_V3.5.0\Libraries\STM32F10x_StdPeriph_Driver\src/stm32f10x_flash.c:1231
  * @retval The FLASH Write Protection  Option Bytes Register value
  */
uint32_t FLASH_GetWriteProtectionOptionByte(void)
{
  /* Return the Flash write protection Register value */
  return (uint32_t)(FLASH->WRPR);
   0:	4b01      	ldr	r3, [pc, #4]	(8 <FLASH_GetWriteProtectionOptionByte+0x8>)
   2:	6a18      	ldr	r0, [r3, #32]
C:\Users\Linux\Downloads\06_12\en.stsw-stm32054\STM32F10x_StdPeriph_Lib_V3.5.0\Libraries\STM32F10x_StdPeriph_Driver\src/stm32f10x_flash.c:1232
}
   4:	4770      	bx	lr
   6:	46c0      	nop			(mov r8, r8)
   8:	40022000 	.word	0x40022000
Disassembly of section .text.FLASH_GetReadOutProtectionStatus:

00000000 <FLASH_GetReadOutProtectionStatus>:
FLASH_GetReadOutProtectionStatus():
C:\Users\Linux\Downloads\06_12\en.stsw-stm32054\STM32F10x_StdPeriph_Lib_V3.5.0\Libraries\STM32F10x_StdPeriph_Driver\src/stm32f10x_flash.c:1243
  * @retval FLASH ReadOut Protection Status(SET or RESET)
  */
FlagStatus FLASH_GetReadOutProtectionStatus(void)
{
  FlagStatus readoutstatus = RESET;
  if ((FLASH->OBR & RDPRT_Mask) != (uint32_t)RESET)
   0:	4b02      	ldr	r3, [pc, #8]	(c <FLASH_GetReadOutProtectionStatus+0xc>)
   2:	69d8      	ldr	r0, [r3, #28]
C:\Users\Linux\Downloads\06_12\en.stsw-stm32054\STM32F10x_StdPeriph_Lib_V3.5.0\Libraries\STM32F10x_StdPeriph_Driver\src/stm32f10x_flash.c:1252
  else
  {
    readoutstatus = RESET;
  }
  return readoutstatus;
}
   4:	f3c0 0040 	ubfx	r0, r0, #1, #1
   8:	4770      	bx	lr
   a:	46c0      	nop			(mov r8, r8)
   c:	40022000 	.word	0x40022000
Disassembly of section .text.FLASH_GetPrefetchBufferStatus:

00000000 <FLASH_GetPrefetchBufferStatus>:
FLASH_GetPrefetchBufferStatus():
C:\Users\Linux\Downloads\06_12\en.stsw-stm32054\STM32F10x_StdPeriph_Lib_V3.5.0\Libraries\STM32F10x_StdPeriph_Driver\src/stm32f10x_flash.c:1264
  */
FlagStatus FLASH_GetPrefetchBufferStatus(void)
{
  FlagStatus bitstatus = RESET;
  
  if ((FLASH->ACR & ACR_PRFTBS_Mask) != (uint32_t)RESET)
   0:	4b02      	ldr	r3, [pc, #8]	(c <FLASH_GetPrefetchBufferStatus+0xc>)
   2:	6818      	ldr	r0, [r3, #0]
C:\Users\Linux\Downloads\06_12\en.stsw-stm32054\STM32F10x_StdPeriph_Lib_V3.5.0\Libraries\STM32F10x_StdPeriph_Driver\src/stm32f10x_flash.c:1274
  {
    bitstatus = RESET;
  }
  /* Return the new state of FLASH Prefetch Buffer Status (SET or RESET) */
  return bitstatus; 
}
   4:	f3c0 1040 	ubfx	r0, r0, #5, #1
   8:	4770      	bx	lr
   a:	46c0      	nop			(mov r8, r8)
   c:	40022000 	.word	0x40022000
Disassembly of section .text.FLASH_ITConfig:

00000000 <FLASH_ITConfig>:
FLASH_ITConfig():
C:\Users\Linux\Downloads\06_12\en.stsw-stm32054\STM32F10x_StdPeriph_Lib_V3.5.0\Libraries\STM32F10x_StdPeriph_Driver\src/stm32f10x_flash.c:1328
#else
  /* Check the parameters */
  assert_param(IS_FLASH_IT(FLASH_IT)); 
  assert_param(IS_FUNCTIONAL_STATE(NewState));

  if(NewState != DISABLE)
   0:	b121      	cbz	r1, c <FLASH_ITConfig+0xc>
C:\Users\Linux\Downloads\06_12\en.stsw-stm32054\STM32F10x_StdPeriph_Lib_V3.5.0\Libraries\STM32F10x_StdPeriph_Driver\src/stm32f10x_flash.c:1331
  {
    /* Enable the interrupt sources */
    FLASH->CR |= FLASH_IT;
   2:	4a05      	ldr	r2, [pc, #20]	(18 <FLASH_ITConfig+0x18>)
   4:	6913      	ldr	r3, [r2, #16]
   6:	ea40 0303 	orr.w	r3, r0, r3
   a:	e003      	b.n	14 <FLASH_ITConfig+0x14>
C:\Users\Linux\Downloads\06_12\en.stsw-stm32054\STM32F10x_StdPeriph_Lib_V3.5.0\Libraries\STM32F10x_StdPeriph_Driver\src/stm32f10x_flash.c:1336
  }
  else
  {
    /* Disable the interrupt sources */
    FLASH->CR &= ~(uint32_t)FLASH_IT;
   c:	4a02      	ldr	r2, [pc, #8]	(18 <FLASH_ITConfig+0x18>)
   e:	6913      	ldr	r3, [r2, #16]
  10:	ea23 0300 	bic.w	r3, r3, r0
  14:	6113      	str	r3, [r2, #16]
C:\Users\Linux\Downloads\06_12\en.stsw-stm32054\STM32F10x_StdPeriph_Lib_V3.5.0\Libraries\STM32F10x_StdPeriph_Driver\src/stm32f10x_flash.c:1339
  }
#endif /* STM32F10X_XL */
}
  16:	4770      	bx	lr
  18:	40022000 	.word	0x40022000
Disassembly of section .text.FLASH_GetFlagStatus:

00000000 <FLASH_GetFlagStatus>:
FLASH_GetFlagStatus():
C:\Users\Linux\Downloads\06_12\en.stsw-stm32054\STM32F10x_StdPeriph_Lib_V3.5.0\Libraries\STM32F10x_StdPeriph_Driver\src/stm32f10x_flash.c:1403
    }
  }
#else
  /* Check the parameters */
  assert_param(IS_FLASH_GET_FLAG(FLASH_FLAG)) ;
  if(FLASH_FLAG == FLASH_FLAG_OPTERR) 
   0:	2801      	cmp	r0, #1
   2:	d104      	bne.n	e <FLASH_GetFlagStatus+0xe>
C:\Users\Linux\Downloads\06_12\en.stsw-stm32054\STM32F10x_StdPeriph_Lib_V3.5.0\Libraries\STM32F10x_StdPeriph_Driver\src/stm32f10x_flash.c:1405
  {
    if((FLASH->OBR & FLASH_FLAG_OPTERR) != (uint32_t)RESET)
   4:	4b05      	ldr	r3, [pc, #20]	(1c <FLASH_GetFlagStatus+0x1c>)
   6:	69db      	ldr	r3, [r3, #28]
   8:	f003 0001 	and.w	r0, r3, #1	; 0x1
   c:	e005      	b.n	1a <FLASH_GetFlagStatus+0x1a>
C:\Users\Linux\Downloads\06_12\en.stsw-stm32054\STM32F10x_StdPeriph_Lib_V3.5.0\Libraries\STM32F10x_StdPeriph_Driver\src/stm32f10x_flash.c:1416
      bitstatus = RESET;
    }
  }
  else
  {
   if((FLASH->SR & FLASH_FLAG) != (uint32_t)RESET)
   e:	4b03      	ldr	r3, [pc, #12]	(1c <FLASH_GetFlagStatus+0x1c>)
  10:	68db      	ldr	r3, [r3, #12]
  12:	4218      	tst	r0, r3
  14:	bf0c      	ite	eq
  16:	2000      	moveq	r0, #0
  18:	2001      	movne	r0, #1
C:\Users\Linux\Downloads\06_12\en.stsw-stm32054\STM32F10x_StdPeriph_Lib_V3.5.0\Libraries\STM32F10x_StdPeriph_Driver\src/stm32f10x_flash.c:1429
  }
#endif /* STM32F10X_XL */

  /* Return the new state of FLASH_FLAG (SET or RESET) */
  return bitstatus;
}
  1a:	4770      	bx	lr
  1c:	40022000 	.word	0x40022000
Disassembly of section .text.FLASH_ClearFlag:

00000000 <FLASH_ClearFlag>:
FLASH_ClearFlag():
C:\Users\Linux\Downloads\06_12\en.stsw-stm32054\STM32F10x_StdPeriph_Lib_V3.5.0\Libraries\STM32F10x_StdPeriph_Driver\src/stm32f10x_flash.c:1465
#else
  /* Check the parameters */
  assert_param(IS_FLASH_CLEAR_FLAG(FLASH_FLAG)) ;
  
  /* Clear the flags */
  FLASH->SR = FLASH_FLAG;
   0:	4b01      	ldr	r3, [pc, #4]	(8 <FLASH_ClearFlag+0x8>)
   2:	60d8      	str	r0, [r3, #12]
C:\Users\Linux\Downloads\06_12\en.stsw-stm32054\STM32F10x_StdPeriph_Lib_V3.5.0\Libraries\STM32F10x_StdPeriph_Driver\src/stm32f10x_flash.c:1467
#endif /* STM32F10X_XL */
}
   4:	4770      	bx	lr
   6:	46c0      	nop			(mov r8, r8)
   8:	40022000 	.word	0x40022000
Disassembly of section .text.FLASH_GetStatus:

00000000 <FLASH_GetStatus>:
FLASH_GetStatus():
C:\Users\Linux\Downloads\06_12\en.stsw-stm32054\STM32F10x_StdPeriph_Lib_V3.5.0\Libraries\STM32F10x_StdPeriph_Driver\src/stm32f10x_flash.c:1481
  */
FLASH_Status FLASH_GetStatus(void)
{
  FLASH_Status flashstatus = FLASH_COMPLETE;
  
  if((FLASH->SR & FLASH_FLAG_BSY) == FLASH_FLAG_BSY) 
   0:	4a09      	ldr	r2, [pc, #36]	(28 <FLASH_GetStatus+0x28>)
   2:	68d3      	ldr	r3, [r2, #12]
   4:	f013 0f01 	tst.w	r3, #1	; 0x1
   8:	d001      	beq.n	e <FLASH_GetStatus+0xe>
   a:	2001      	movs	r0, #1
   c:	e00b      	b.n	26 <FLASH_GetStatus+0x26>
C:\Users\Linux\Downloads\06_12\en.stsw-stm32054\STM32F10x_StdPeriph_Lib_V3.5.0\Libraries\STM32F10x_StdPeriph_Driver\src/stm32f10x_flash.c:1487
  {
    flashstatus = FLASH_BUSY;
  }
  else 
  {  
    if((FLASH->SR & FLASH_FLAG_PGERR) != 0)
   e:	68d3      	ldr	r3, [r2, #12]
  10:	f013 0f04 	tst.w	r3, #4	; 0x4
  14:	d001      	beq.n	1a <FLASH_GetStatus+0x1a>
  16:	2002      	movs	r0, #2
  18:	e005      	b.n	26 <FLASH_GetStatus+0x26>
C:\Users\Linux\Downloads\06_12\en.stsw-stm32054\STM32F10x_StdPeriph_Lib_V3.5.0\Libraries\STM32F10x_StdPeriph_Driver\src/stm32f10x_flash.c:1493
    { 
      flashstatus = FLASH_ERROR_PG;
    }
    else 
    {
      if((FLASH->SR & FLASH_FLAG_WRPRTERR) != 0 )
  1a:	68d3      	ldr	r3, [r2, #12]
  1c:	f013 0f10 	tst.w	r3, #16	; 0x10
  20:	bf14      	ite	ne
  22:	2003      	movne	r0, #3
  24:	2004      	moveq	r0, #4
C:\Users\Linux\Downloads\06_12\en.stsw-stm32054\STM32F10x_StdPeriph_Lib_V3.5.0\Libraries\STM32F10x_StdPeriph_Driver\src/stm32f10x_flash.c:1505
      }
    }
  }
  /* Return the Flash Status */
  return flashstatus;
}
  26:	4770      	bx	lr
  28:	40022000 	.word	0x40022000
Disassembly of section .text.FLASH_GetBank1Status:

00000000 <FLASH_GetBank1Status>:
FLASH_GetBank1Status():
C:\Users\Linux\Downloads\06_12\en.stsw-stm32054\STM32F10x_StdPeriph_Lib_V3.5.0\Libraries\STM32F10x_StdPeriph_Driver\src/stm32f10x_flash.c:1519
  */
FLASH_Status FLASH_GetBank1Status(void)
{
  FLASH_Status flashstatus = FLASH_COMPLETE;
  
  if((FLASH->SR & FLASH_FLAG_BANK1_BSY) == FLASH_FLAG_BSY) 
   0:	4a09      	ldr	r2, [pc, #36]	(28 <FLASH_GetBank1Status+0x28>)
   2:	68d3      	ldr	r3, [r2, #12]
   4:	f013 0f01 	tst.w	r3, #1	; 0x1
   8:	d001      	beq.n	e <FLASH_GetBank1Status+0xe>
   a:	2001      	movs	r0, #1
   c:	e00b      	b.n	26 <FLASH_GetBank1Status+0x26>
C:\Users\Linux\Downloads\06_12\en.stsw-stm32054\STM32F10x_StdPeriph_Lib_V3.5.0\Libraries\STM32F10x_StdPeriph_Driver\src/stm32f10x_flash.c:1525
  {
    flashstatus = FLASH_BUSY;
  }
  else 
  {  
    if((FLASH->SR & FLASH_FLAG_BANK1_PGERR) != 0)
   e:	68d3      	ldr	r3, [r2, #12]
  10:	f013 0f04 	tst.w	r3, #4	; 0x4
  14:	d001      	beq.n	1a <FLASH_GetBank1Status+0x1a>
  16:	2002      	movs	r0, #2
  18:	e005      	b.n	26 <FLASH_GetBank1Status+0x26>
C:\Users\Linux\Downloads\06_12\en.stsw-stm32054\STM32F10x_StdPeriph_Lib_V3.5.0\Libraries\STM32F10x_StdPeriph_Driver\src/stm32f10x_flash.c:1531
    { 
      flashstatus = FLASH_ERROR_PG;
    }
    else 
    {
      if((FLASH->SR & FLASH_FLAG_BANK1_WRPRTERR) != 0 )
  1a:	68d3      	ldr	r3, [r2, #12]
  1c:	f013 0f10 	tst.w	r3, #16	; 0x10
  20:	bf14      	ite	ne
  22:	2003      	movne	r0, #3
  24:	2004      	moveq	r0, #4
C:\Users\Linux\Downloads\06_12\en.stsw-stm32054\STM32F10x_StdPeriph_Lib_V3.5.0\Libraries\STM32F10x_StdPeriph_Driver\src/stm32f10x_flash.c:1543
      }
    }
  }
  /* Return the Flash Status */
  return flashstatus;
}
  26:	4770      	bx	lr
  28:	40022000 	.word	0x40022000
Disassembly of section .text.FLASH_WaitForLastOperation:

00000000 <FLASH_WaitForLastOperation>:
FLASH_WaitForLastOperation():
C:\Users\Linux\Downloads\06_12\en.stsw-stm32054\STM32F10x_StdPeriph_Lib_V3.5.0\Libraries\STM32F10x_StdPeriph_Driver\src/stm32f10x_flash.c:1596
  * @param  Timeout: FLASH programming Timeout
  * @retval FLASH Status: The returned value can be: FLASH_ERROR_PG,
  *         FLASH_ERROR_WRP, FLASH_COMPLETE or FLASH_TIMEOUT.
  */
FLASH_Status FLASH_WaitForLastOperation(uint32_t Timeout)
{ 
   0:	b510      	push	{r4, lr}
   2:	4604      	mov	r4, r0
C:\Users\Linux\Downloads\06_12\en.stsw-stm32054\STM32F10x_StdPeriph_Lib_V3.5.0\Libraries\STM32F10x_StdPeriph_Driver\src/stm32f10x_flash.c:1600
  FLASH_Status status = FLASH_COMPLETE;
   
  /* Check for the Flash Status */
  status = FLASH_GetBank1Status();
   4:	f7ff fffe 	bl	0 <FLASH_WaitForLastOperation>
   8:	e002      	b.n	8 <FLASH_WaitForLastOperation+0x8>
C:\Users\Linux\Downloads\06_12\en.stsw-stm32054\STM32F10x_StdPeriph_Lib_V3.5.0\Libraries\STM32F10x_StdPeriph_Driver\src/stm32f10x_flash.c:1604
  /* Wait for a Flash operation to complete or a TIMEOUT to occur */
  while((status == FLASH_BUSY) && (Timeout != 0x00))
  {
    status = FLASH_GetBank1Status();
   a:	f7ff fffe 	bl	0 <FLASH_WaitForLastOperation>
C:\Users\Linux\Downloads\06_12\en.stsw-stm32054\STM32F10x_StdPeriph_Lib_V3.5.0\Libraries\STM32F10x_StdPeriph_Driver\src/stm32f10x_flash.c:1605
    Timeout--;
   e:	3c01      	subs	r4, #1
C:\Users\Linux\Downloads\06_12\en.stsw-stm32054\STM32F10x_StdPeriph_Lib_V3.5.0\Libraries\STM32F10x_StdPeriph_Driver\src/stm32f10x_flash.c:1602
  FLASH_Status status = FLASH_COMPLETE;
   
  /* Check for the Flash Status */
  status = FLASH_GetBank1Status();
  /* Wait for a Flash operation to complete or a TIMEOUT to occur */
  while((status == FLASH_BUSY) && (Timeout != 0x00))
  10:	2801      	cmp	r0, #1
  12:	d102      	bne.n	1a <FLASH_WaitForLastOperation+0x1a>
  14:	2c00      	cmp	r4, #0
  16:	d1f8      	bne.n	a <FLASH_WaitForLastOperation+0xa>
  18:	e000      	b.n	1c <FLASH_WaitForLastOperation+0x1c>
C:\Users\Linux\Downloads\06_12\en.stsw-stm32054\STM32F10x_StdPeriph_Lib_V3.5.0\Libraries\STM32F10x_StdPeriph_Driver\src/stm32f10x_flash.c:1607
  {
    status = FLASH_GetBank1Status();
    Timeout--;
  }
  if(Timeout == 0x00 )
  1a:	b904      	cbnz	r4, 1e <FLASH_WaitForLastOperation+0x1e>
  1c:	2005      	movs	r0, #5
C:\Users\Linux\Downloads\06_12\en.stsw-stm32054\STM32F10x_StdPeriph_Lib_V3.5.0\Libraries\STM32F10x_StdPeriph_Driver\src/stm32f10x_flash.c:1613
  {
    status = FLASH_TIMEOUT;
  }
  /* Return the operation status */
  return status;
}
  1e:	bd10      	pop	{r4, pc}
Disassembly of section .text.FLASH_UserOptionByteConfig:

00000000 <FLASH_UserOptionByteConfig>:
FLASH_UserOptionByteConfig():
C:\Users\Linux\Downloads\06_12\en.stsw-stm32054\STM32F10x_StdPeriph_Lib_V3.5.0\Libraries\STM32F10x_StdPeriph_Driver\src/stm32f10x_flash.c:1119
  *     @arg OB_STDBY_RST: Reset generated when entering in STANDBY
  * @retval FLASH Status: The returned value can be: FLASH_ERROR_PG, 
  *         FLASH_ERROR_WRP, FLASH_COMPLETE or FLASH_TIMEOUT.
  */
FLASH_Status FLASH_UserOptionByteConfig(uint16_t OB_IWDG, uint16_t OB_STOP, uint16_t OB_STDBY)
{
   0:	e92d 41f0 	stmdb	sp!, {r4, r5, r6, r7, r8, lr}
C:\Users\Linux\Downloads\06_12\en.stsw-stm32054\STM32F10x_StdPeriph_Lib_V3.5.0\Libraries\STM32F10x_StdPeriph_Driver\src/stm32f10x_flash.c:1128
  assert_param(IS_OB_IWDG_SOURCE(OB_IWDG));
  assert_param(IS_OB_STOP_SOURCE(OB_STOP));
  assert_param(IS_OB_STDBY_SOURCE(OB_STDBY));

  /* Authorize the small information block programming */
  FLASH->OPTKEYR = FLASH_KEY1;
   4:	4b14      	ldr	r3, [pc, #80]	(58 <FLASH_UserOptionByteConfig+0x58>)
   6:	4c15      	ldr	r4, [pc, #84]	(5c <FLASH_UserOptionByteConfig+0x5c>)
C:\Users\Linux\Downloads\06_12\en.stsw-stm32054\STM32F10x_StdPeriph_Lib_V3.5.0\Libraries\STM32F10x_StdPeriph_Driver\src/stm32f10x_flash.c:1119
  *     @arg OB_STDBY_RST: Reset generated when entering in STANDBY
  * @retval FLASH Status: The returned value can be: FLASH_ERROR_PG, 
  *         FLASH_ERROR_WRP, FLASH_COMPLETE or FLASH_TIMEOUT.
  */
FLASH_Status FLASH_UserOptionByteConfig(uint16_t OB_IWDG, uint16_t OB_STOP, uint16_t OB_STDBY)
{
   8:	4605      	mov	r5, r0
C:\Users\Linux\Downloads\06_12\en.stsw-stm32054\STM32F10x_StdPeriph_Lib_V3.5.0\Libraries\STM32F10x_StdPeriph_Driver\src/stm32f10x_flash.c:1128
  assert_param(IS_OB_IWDG_SOURCE(OB_IWDG));
  assert_param(IS_OB_STOP_SOURCE(OB_STOP));
  assert_param(IS_OB_STDBY_SOURCE(OB_STDBY));

  /* Authorize the small information block programming */
  FLASH->OPTKEYR = FLASH_KEY1;
   a:	60a3      	str	r3, [r4, #8]
C:\Users\Linux\Downloads\06_12\en.stsw-stm32054\STM32F10x_StdPeriph_Lib_V3.5.0\Libraries\STM32F10x_StdPeriph_Driver\src/stm32f10x_flash.c:1129
  FLASH->OPTKEYR = FLASH_KEY2;
   c:	f103 3388 	add.w	r3, r3, #2290649224	; 0x88888888
  10:	60a3      	str	r3, [r4, #8]
C:\Users\Linux\Downloads\06_12\en.stsw-stm32054\STM32F10x_StdPeriph_Lib_V3.5.0\Libraries\STM32F10x_StdPeriph_Driver\src/stm32f10x_flash.c:1132
  
  /* Wait for last operation to be completed */
  status = FLASH_WaitForLastOperation(ProgramTimeout);
  12:	f44f 5000 	mov.w	r0, #8192	; 0x2000
C:\Users\Linux\Downloads\06_12\en.stsw-stm32054\STM32F10x_StdPeriph_Lib_V3.5.0\Libraries\STM32F10x_StdPeriph_Driver\src/stm32f10x_flash.c:1119
  *     @arg OB_STDBY_RST: Reset generated when entering in STANDBY
  * @retval FLASH Status: The returned value can be: FLASH_ERROR_PG, 
  *         FLASH_ERROR_WRP, FLASH_COMPLETE or FLASH_TIMEOUT.
  */
FLASH_Status FLASH_UserOptionByteConfig(uint16_t OB_IWDG, uint16_t OB_STOP, uint16_t OB_STDBY)
{
  16:	460e      	mov	r6, r1
  18:	4617      	mov	r7, r2
C:\Users\Linux\Downloads\06_12\en.stsw-stm32054\STM32F10x_StdPeriph_Lib_V3.5.0\Libraries\STM32F10x_StdPeriph_Driver\src/stm32f10x_flash.c:1132
  /* Authorize the small information block programming */
  FLASH->OPTKEYR = FLASH_KEY1;
  FLASH->OPTKEYR = FLASH_KEY2;
  
  /* Wait for last operation to be completed */
  status = FLASH_WaitForLastOperation(ProgramTimeout);
  1a:	f7ff fffe 	bl	0 <FLASH_UserOptionByteConfig>
C:\Users\Linux\Downloads\06_12\en.stsw-stm32054\STM32F10x_StdPeriph_Lib_V3.5.0\Libraries\STM32F10x_StdPeriph_Driver\src/stm32f10x_flash.c:1134
  
  if(status == FLASH_COMPLETE)
  1e:	2804      	cmp	r0, #4
  20:	d117      	bne.n	52 <FLASH_UserOptionByteConfig+0x52>
C:\Users\Linux\Downloads\06_12\en.stsw-stm32054\STM32F10x_StdPeriph_Lib_V3.5.0\Libraries\STM32F10x_StdPeriph_Driver\src/stm32f10x_flash.c:1137
  {  
    /* Enable the Option Bytes Programming operation */
    FLASH->CR |= CR_OPTPG_Set; 
  22:	6923      	ldr	r3, [r4, #16]
C:\Users\Linux\Downloads\06_12\en.stsw-stm32054\STM32F10x_StdPeriph_Lib_V3.5.0\Libraries\STM32F10x_StdPeriph_Driver\src/stm32f10x_flash.c:1139
           
    OB->USER = OB_IWDG | (uint16_t)(OB_STOP | (uint16_t)(OB_STDBY | ((uint16_t)0xF8))); 
  24:	4a0e      	ldr	r2, [pc, #56]	(60 <FLASH_UserOptionByteConfig+0x60>)
C:\Users\Linux\Downloads\06_12\en.stsw-stm32054\STM32F10x_StdPeriph_Lib_V3.5.0\Libraries\STM32F10x_StdPeriph_Driver\src/stm32f10x_flash.c:1137
  status = FLASH_WaitForLastOperation(ProgramTimeout);
  
  if(status == FLASH_COMPLETE)
  {  
    /* Enable the Option Bytes Programming operation */
    FLASH->CR |= CR_OPTPG_Set; 
  26:	f043 0310 	orr.w	r3, r3, #16	; 0x10
  2a:	6123      	str	r3, [r4, #16]
C:\Users\Linux\Downloads\06_12\en.stsw-stm32054\STM32F10x_StdPeriph_Lib_V3.5.0\Libraries\STM32F10x_StdPeriph_Driver\src/stm32f10x_flash.c:1139
           
    OB->USER = OB_IWDG | (uint16_t)(OB_STOP | (uint16_t)(OB_STDBY | ((uint16_t)0xF8))); 
  2c:	f045 03f8 	orr.w	r3, r5, #248	; 0xf8
  30:	ea46 0303 	orr.w	r3, r6, r3
  34:	ea47 0303 	orr.w	r3, r7, r3
  38:	8053      	strh	r3, [r2, #2]
C:\Users\Linux\Downloads\06_12\en.stsw-stm32054\STM32F10x_StdPeriph_Lib_V3.5.0\Libraries\STM32F10x_StdPeriph_Driver\src/stm32f10x_flash.c:1142
  
    /* Wait for last operation to be completed */
    status = FLASH_WaitForLastOperation(ProgramTimeout);
  3a:	f44f 5000 	mov.w	r0, #8192	; 0x2000
  3e:	f7ff fffe 	bl	0 <FLASH_UserOptionByteConfig>
C:\Users\Linux\Downloads\06_12\en.stsw-stm32054\STM32F10x_StdPeriph_Lib_V3.5.0\Libraries\STM32F10x_StdPeriph_Driver\src/stm32f10x_flash.c:1143
    if(status != FLASH_TIMEOUT)
  42:	2805      	cmp	r0, #5
  44:	d005      	beq.n	52 <FLASH_UserOptionByteConfig+0x52>
C:\Users\Linux\Downloads\06_12\en.stsw-stm32054\STM32F10x_StdPeriph_Lib_V3.5.0\Libraries\STM32F10x_StdPeriph_Driver\src/stm32f10x_flash.c:1146
    {
      /* if the program operation is completed, disable the OPTPG Bit */
      FLASH->CR &= CR_OPTPG_Reset;
  46:	6922      	ldr	r2, [r4, #16]
  48:	f641 73ef 	movw	r3, #8175	; 0x1fef
  4c:	ea02 0303 	and.w	r3, r2, r3
  50:	6123      	str	r3, [r4, #16]
C:\Users\Linux\Downloads\06_12\en.stsw-stm32054\STM32F10x_StdPeriph_Lib_V3.5.0\Libraries\STM32F10x_StdPeriph_Driver\src/stm32f10x_flash.c:1151
    }
  }    
  /* Return the Option Byte program Status */
  return status;
}
  52:	e8bd 81f0 	ldmia.w	sp!, {r4, r5, r6, r7, r8, pc}
  56:	46c0      	nop			(mov r8, r8)
  58:	45670123 	.word	0x45670123
  5c:	40022000 	.word	0x40022000
  60:	1ffff800 	.word	0x1ffff800
Disassembly of section .text.FLASH_ReadOutProtection:

00000000 <FLASH_ReadOutProtection>:
FLASH_ReadOutProtection():
C:\Users\Linux\Downloads\06_12\en.stsw-stm32054\STM32F10x_StdPeriph_Lib_V3.5.0\Libraries\STM32F10x_StdPeriph_Driver\src/stm32f10x_flash.c:1050
  *   This parameter can be: ENABLE or DISABLE.
  * @retval FLASH Status: The returned value can be: FLASH_ERROR_PG,
  *         FLASH_ERROR_WRP, FLASH_COMPLETE or FLASH_TIMEOUT.
  */
FLASH_Status FLASH_ReadOutProtection(FunctionalState NewState)
{
   0:	b570      	push	{r4, r5, r6, lr}
   2:	4605      	mov	r5, r0
C:\Users\Linux\Downloads\06_12\en.stsw-stm32054\STM32F10x_StdPeriph_Lib_V3.5.0\Libraries\STM32F10x_StdPeriph_Driver\src/stm32f10x_flash.c:1054
  FLASH_Status status = FLASH_COMPLETE;
  /* Check the parameters */
  assert_param(IS_FUNCTIONAL_STATE(NewState));
  status = FLASH_WaitForLastOperation(EraseTimeout);
   4:	f44f 2030 	mov.w	r0, #720896	; 0xb0000
   8:	f7ff fffe 	bl	0 <FLASH_ReadOutProtection>
C:\Users\Linux\Downloads\06_12\en.stsw-stm32054\STM32F10x_StdPeriph_Lib_V3.5.0\Libraries\STM32F10x_StdPeriph_Driver\src/stm32f10x_flash.c:1055
  if(status == FLASH_COMPLETE)
   c:	2804      	cmp	r0, #4
   e:	d13c      	bne.n	8a <FLASH_ReadOutProtection+0x8a>
C:\Users\Linux\Downloads\06_12\en.stsw-stm32054\STM32F10x_StdPeriph_Lib_V3.5.0\Libraries\STM32F10x_StdPeriph_Driver\src/stm32f10x_flash.c:1058
  {
    /* Authorizes the small information block programming */
    FLASH->OPTKEYR = FLASH_KEY1;
  10:	4c1e      	ldr	r4, [pc, #120]	(8c <FLASH_ReadOutProtection+0x8c>)
  12:	4b1f      	ldr	r3, [pc, #124]	(90 <FLASH_ReadOutProtection+0x90>)
C:\Users\Linux\Downloads\06_12\en.stsw-stm32054\STM32F10x_StdPeriph_Lib_V3.5.0\Libraries\STM32F10x_StdPeriph_Driver\src/stm32f10x_flash.c:1063
    FLASH->OPTKEYR = FLASH_KEY2;
    FLASH->CR |= CR_OPTER_Set;
    FLASH->CR |= CR_STRT_Set;
    /* Wait for last operation to be completed */
    status = FLASH_WaitForLastOperation(EraseTimeout);
  14:	f44f 2030 	mov.w	r0, #720896	; 0xb0000
C:\Users\Linux\Downloads\06_12\en.stsw-stm32054\STM32F10x_StdPeriph_Lib_V3.5.0\Libraries\STM32F10x_StdPeriph_Driver\src/stm32f10x_flash.c:1058
  assert_param(IS_FUNCTIONAL_STATE(NewState));
  status = FLASH_WaitForLastOperation(EraseTimeout);
  if(status == FLASH_COMPLETE)
  {
    /* Authorizes the small information block programming */
    FLASH->OPTKEYR = FLASH_KEY1;
  18:	60a3      	str	r3, [r4, #8]
C:\Users\Linux\Downloads\06_12\en.stsw-stm32054\STM32F10x_StdPeriph_Lib_V3.5.0\Libraries\STM32F10x_StdPeriph_Driver\src/stm32f10x_flash.c:1059
    FLASH->OPTKEYR = FLASH_KEY2;
  1a:	f103 3388 	add.w	r3, r3, #2290649224	; 0x88888888
  1e:	60a3      	str	r3, [r4, #8]
C:\Users\Linux\Downloads\06_12\en.stsw-stm32054\STM32F10x_StdPeriph_Lib_V3.5.0\Libraries\STM32F10x_StdPeriph_Driver\src/stm32f10x_flash.c:1060
    FLASH->CR |= CR_OPTER_Set;
  20:	6923      	ldr	r3, [r4, #16]
  22:	f043 0320 	orr.w	r3, r3, #32	; 0x20
  26:	6123      	str	r3, [r4, #16]
C:\Users\Linux\Downloads\06_12\en.stsw-stm32054\STM32F10x_StdPeriph_Lib_V3.5.0\Libraries\STM32F10x_StdPeriph_Driver\src/stm32f10x_flash.c:1061
    FLASH->CR |= CR_STRT_Set;
  28:	6923      	ldr	r3, [r4, #16]
  2a:	f043 0340 	orr.w	r3, r3, #64	; 0x40
  2e:	6123      	str	r3, [r4, #16]
C:\Users\Linux\Downloads\06_12\en.stsw-stm32054\STM32F10x_StdPeriph_Lib_V3.5.0\Libraries\STM32F10x_StdPeriph_Driver\src/stm32f10x_flash.c:1063
    /* Wait for last operation to be completed */
    status = FLASH_WaitForLastOperation(EraseTimeout);
  30:	f7ff fffe 	bl	0 <FLASH_ReadOutProtection>
C:\Users\Linux\Downloads\06_12\en.stsw-stm32054\STM32F10x_StdPeriph_Lib_V3.5.0\Libraries\STM32F10x_StdPeriph_Driver\src/stm32f10x_flash.c:1064
    if(status == FLASH_COMPLETE)
  34:	2804      	cmp	r0, #4
  36:	d120      	bne.n	7a <FLASH_ReadOutProtection+0x7a>
C:\Users\Linux\Downloads\06_12\en.stsw-stm32054\STM32F10x_StdPeriph_Lib_V3.5.0\Libraries\STM32F10x_StdPeriph_Driver\src/stm32f10x_flash.c:1067
    {
      /* if the erase operation is completed, disable the OPTER Bit */
      FLASH->CR &= CR_OPTER_Reset;
  38:	6923      	ldr	r3, [r4, #16]
  3a:	f641 72df 	movw	r2, #8159	; 0x1fdf
  3e:	ea03 0202 	and.w	r2, r3, r2
  42:	6122      	str	r2, [r4, #16]
C:\Users\Linux\Downloads\06_12\en.stsw-stm32054\STM32F10x_StdPeriph_Lib_V3.5.0\Libraries\STM32F10x_StdPeriph_Driver\src/stm32f10x_flash.c:1069
      /* Enable the Option Bytes Programming operation */
      FLASH->CR |= CR_OPTPG_Set; 
  44:	6923      	ldr	r3, [r4, #16]
  46:	f043 0310 	orr.w	r3, r3, #16	; 0x10
  4a:	6123      	str	r3, [r4, #16]
C:\Users\Linux\Downloads\06_12\en.stsw-stm32054\STM32F10x_StdPeriph_Lib_V3.5.0\Libraries\STM32F10x_StdPeriph_Driver\src/stm32f10x_flash.c:1070
      if(NewState != DISABLE)
  4c:	b11d      	cbz	r5, 56 <FLASH_ReadOutProtection+0x56>
C:\Users\Linux\Downloads\06_12\en.stsw-stm32054\STM32F10x_StdPeriph_Lib_V3.5.0\Libraries\STM32F10x_StdPeriph_Driver\src/stm32f10x_flash.c:1072
      {
        OB->RDP = 0x00;
  4e:	4b11      	ldr	r3, [pc, #68]	(94 <FLASH_ReadOutProtection+0x94>)
  50:	f04f 0200 	mov.w	r2, #0	; 0x0
  54:	e002      	b.n	5c <FLASH_ReadOutProtection+0x5c>
C:\Users\Linux\Downloads\06_12\en.stsw-stm32054\STM32F10x_StdPeriph_Lib_V3.5.0\Libraries\STM32F10x_StdPeriph_Driver\src/stm32f10x_flash.c:1076
      }
      else
      {
        OB->RDP = RDP_Key;  
  56:	4b0f      	ldr	r3, [pc, #60]	(94 <FLASH_ReadOutProtection+0x94>)
  58:	f04f 02a5 	mov.w	r2, #165	; 0xa5
  5c:	801a      	strh	r2, [r3, #0]
C:\Users\Linux\Downloads\06_12\en.stsw-stm32054\STM32F10x_StdPeriph_Lib_V3.5.0\Libraries\STM32F10x_StdPeriph_Driver\src/stm32f10x_flash.c:1079
      }
      /* Wait for last operation to be completed */
      status = FLASH_WaitForLastOperation(EraseTimeout); 
  5e:	f44f 2030 	mov.w	r0, #720896	; 0xb0000
  62:	f7ff fffe 	bl	0 <FLASH_ReadOutProtection>
C:\Users\Linux\Downloads\06_12\en.stsw-stm32054\STM32F10x_StdPeriph_Lib_V3.5.0\Libraries\STM32F10x_StdPeriph_Driver\src/stm32f10x_flash.c:1081
    
      if(status != FLASH_TIMEOUT)
  66:	2805      	cmp	r0, #5
  68:	d00f      	beq.n	8a <FLASH_ReadOutProtection+0x8a>
C:\Users\Linux\Downloads\06_12\en.stsw-stm32054\STM32F10x_StdPeriph_Lib_V3.5.0\Libraries\STM32F10x_StdPeriph_Driver\src/stm32f10x_flash.c:1084
      {
        /* if the program operation is completed, disable the OPTPG Bit */
        FLASH->CR &= CR_OPTPG_Reset;
  6a:	4908      	ldr	r1, [pc, #32]	(8c <FLASH_ReadOutProtection+0x8c>)
  6c:	f641 73ef 	movw	r3, #8175	; 0x1fef
  70:	690a      	ldr	r2, [r1, #16]
  72:	ea02 0303 	and.w	r3, r2, r3
  76:	610b      	str	r3, [r1, #16]
  78:	e007      	b.n	8a <FLASH_ReadOutProtection+0x8a>
C:\Users\Linux\Downloads\06_12\en.stsw-stm32054\STM32F10x_StdPeriph_Lib_V3.5.0\Libraries\STM32F10x_StdPeriph_Driver\src/stm32f10x_flash.c:1089
      }
    }
    else 
    {
      if(status != FLASH_TIMEOUT)
  7a:	2805      	cmp	r0, #5
  7c:	d005      	beq.n	8a <FLASH_ReadOutProtection+0x8a>
C:\Users\Linux\Downloads\06_12\en.stsw-stm32054\STM32F10x_StdPeriph_Lib_V3.5.0\Libraries\STM32F10x_StdPeriph_Driver\src/stm32f10x_flash.c:1092
      {
        /* Disable the OPTER Bit */
        FLASH->CR &= CR_OPTER_Reset;
  7e:	6922      	ldr	r2, [r4, #16]
  80:	f641 73df 	movw	r3, #8159	; 0x1fdf
  84:	ea02 0303 	and.w	r3, r2, r3
  88:	6123      	str	r3, [r4, #16]
C:\Users\Linux\Downloads\06_12\en.stsw-stm32054\STM32F10x_StdPeriph_Lib_V3.5.0\Libraries\STM32F10x_StdPeriph_Driver\src/stm32f10x_flash.c:1098
      }
    }
  }
  /* Return the protection operation Status */
  return status;       
}
  8a:	bd70      	pop	{r4, r5, r6, pc}
  8c:	40022000 	.word	0x40022000
  90:	45670123 	.word	0x45670123
  94:	1ffff800 	.word	0x1ffff800
Disassembly of section .text.FLASH_EnableWriteProtection:

00000000 <FLASH_EnableWriteProtection>:
FLASH_EnableWriteProtection():
C:\Users\Linux\Downloads\06_12\en.stsw-stm32054\STM32F10x_StdPeriph_Lib_V3.5.0\Libraries\STM32F10x_StdPeriph_Driver\src/stm32f10x_flash.c:976
  *     @arg FLASH_WRProt_AllPages
  * @retval FLASH Status: The returned value can be: FLASH_ERROR_PG,
  *         FLASH_ERROR_WRP, FLASH_COMPLETE or FLASH_TIMEOUT.
  */
FLASH_Status FLASH_EnableWriteProtection(uint32_t FLASH_Pages)
{
   0:	b510      	push	{r4, lr}
   2:	4604      	mov	r4, r0
C:\Users\Linux\Downloads\06_12\en.stsw-stm32054\STM32F10x_StdPeriph_Lib_V3.5.0\Libraries\STM32F10x_StdPeriph_Driver\src/stm32f10x_flash.c:991
  WRP1_Data = (uint16_t)((FLASH_Pages & WRP1_Mask) >> 8);
  WRP2_Data = (uint16_t)((FLASH_Pages & WRP2_Mask) >> 16);
  WRP3_Data = (uint16_t)((FLASH_Pages & WRP3_Mask) >> 24);
  
  /* Wait for last operation to be completed */
  status = FLASH_WaitForLastOperation(ProgramTimeout);
   4:	f44f 5000 	mov.w	r0, #8192	; 0x2000
   8:	f7ff fffe 	bl	0 <FLASH_EnableWriteProtection>
C:\Users\Linux\Downloads\06_12\en.stsw-stm32054\STM32F10x_StdPeriph_Lib_V3.5.0\Libraries\STM32F10x_StdPeriph_Driver\src/stm32f10x_flash.c:993
  
  if(status == FLASH_COMPLETE)
   c:	2804      	cmp	r0, #4
   e:	d141      	bne.n	94 <FLASH_EnableWriteProtection+0x94>
C:\Users\Linux\Downloads\06_12\en.stsw-stm32054\STM32F10x_StdPeriph_Lib_V3.5.0\Libraries\STM32F10x_StdPeriph_Driver\src/stm32f10x_flash.c:996
  {
    /* Authorizes the small information block programming */
    FLASH->OPTKEYR = FLASH_KEY1;
  10:	4a21      	ldr	r2, [pc, #132]	(98 <FLASH_EnableWriteProtection+0x98>)
  12:	4b22      	ldr	r3, [pc, #136]	(9c <FLASH_EnableWriteProtection+0x9c>)
C:\Users\Linux\Downloads\06_12\en.stsw-stm32054\STM32F10x_StdPeriph_Lib_V3.5.0\Libraries\STM32F10x_StdPeriph_Driver\src/stm32f10x_flash.c:984
  FLASH_Status status = FLASH_COMPLETE;
  
  /* Check the parameters */
  assert_param(IS_FLASH_WRPROT_PAGE(FLASH_Pages));
  
  FLASH_Pages = (uint32_t)(~FLASH_Pages);
  14:	43e4      	mvns	r4, r4
C:\Users\Linux\Downloads\06_12\en.stsw-stm32054\STM32F10x_StdPeriph_Lib_V3.5.0\Libraries\STM32F10x_StdPeriph_Driver\src/stm32f10x_flash.c:996
  status = FLASH_WaitForLastOperation(ProgramTimeout);
  
  if(status == FLASH_COMPLETE)
  {
    /* Authorizes the small information block programming */
    FLASH->OPTKEYR = FLASH_KEY1;
  16:	6093      	str	r3, [r2, #8]
C:\Users\Linux\Downloads\06_12\en.stsw-stm32054\STM32F10x_StdPeriph_Lib_V3.5.0\Libraries\STM32F10x_StdPeriph_Driver\src/stm32f10x_flash.c:997
    FLASH->OPTKEYR = FLASH_KEY2;
  18:	f103 3388 	add.w	r3, r3, #2290649224	; 0x88888888
  1c:	6093      	str	r3, [r2, #8]
C:\Users\Linux\Downloads\06_12\en.stsw-stm32054\STM32F10x_StdPeriph_Lib_V3.5.0\Libraries\STM32F10x_StdPeriph_Driver\src/stm32f10x_flash.c:998
    FLASH->CR |= CR_OPTPG_Set;
  1e:	6913      	ldr	r3, [r2, #16]
C:\Users\Linux\Downloads\06_12\en.stsw-stm32054\STM32F10x_StdPeriph_Lib_V3.5.0\Libraries\STM32F10x_StdPeriph_Driver\src/stm32f10x_flash.c:985
  
  /* Check the parameters */
  assert_param(IS_FLASH_WRPROT_PAGE(FLASH_Pages));
  
  FLASH_Pages = (uint32_t)(~FLASH_Pages);
  WRP0_Data = (uint16_t)(FLASH_Pages & WRP0_Mask);
  20:	b2e1      	uxtb	r1, r4
C:\Users\Linux\Downloads\06_12\en.stsw-stm32054\STM32F10x_StdPeriph_Lib_V3.5.0\Libraries\STM32F10x_StdPeriph_Driver\src/stm32f10x_flash.c:998
  if(status == FLASH_COMPLETE)
  {
    /* Authorizes the small information block programming */
    FLASH->OPTKEYR = FLASH_KEY1;
    FLASH->OPTKEYR = FLASH_KEY2;
    FLASH->CR |= CR_OPTPG_Set;
  22:	f043 0310 	orr.w	r3, r3, #16	; 0x10
C:\Users\Linux\Downloads\06_12\en.stsw-stm32054\STM32F10x_StdPeriph_Lib_V3.5.0\Libraries\STM32F10x_StdPeriph_Driver\src/stm32f10x_flash.c:999
    if(WRP0_Data != 0xFF)
  26:	29ff      	cmp	r1, #255
C:\Users\Linux\Downloads\06_12\en.stsw-stm32054\STM32F10x_StdPeriph_Lib_V3.5.0\Libraries\STM32F10x_StdPeriph_Driver\src/stm32f10x_flash.c:998
  if(status == FLASH_COMPLETE)
  {
    /* Authorizes the small information block programming */
    FLASH->OPTKEYR = FLASH_KEY1;
    FLASH->OPTKEYR = FLASH_KEY2;
    FLASH->CR |= CR_OPTPG_Set;
  28:	6113      	str	r3, [r2, #16]
C:\Users\Linux\Downloads\06_12\en.stsw-stm32054\STM32F10x_StdPeriph_Lib_V3.5.0\Libraries\STM32F10x_StdPeriph_Driver\src/stm32f10x_flash.c:999
    if(WRP0_Data != 0xFF)
  2a:	d007      	beq.n	3c <FLASH_EnableWriteProtection+0x3c>
C:\Users\Linux\Downloads\06_12\en.stsw-stm32054\STM32F10x_StdPeriph_Lib_V3.5.0\Libraries\STM32F10x_StdPeriph_Driver\src/stm32f10x_flash.c:1001
    {
      OB->WRP0 = WRP0_Data;
  2c:	4b1c      	ldr	r3, [pc, #112]	(a0 <FLASH_EnableWriteProtection+0xa0>)
C:\Users\Linux\Downloads\06_12\en.stsw-stm32054\STM32F10x_StdPeriph_Lib_V3.5.0\Libraries\STM32F10x_StdPeriph_Driver\src/stm32f10x_flash.c:1004
      
      /* Wait for last operation to be completed */
      status = FLASH_WaitForLastOperation(ProgramTimeout);
  2e:	f44f 5000 	mov.w	r0, #8192	; 0x2000
C:\Users\Linux\Downloads\06_12\en.stsw-stm32054\STM32F10x_StdPeriph_Lib_V3.5.0\Libraries\STM32F10x_StdPeriph_Driver\src/stm32f10x_flash.c:1001
    FLASH->OPTKEYR = FLASH_KEY1;
    FLASH->OPTKEYR = FLASH_KEY2;
    FLASH->CR |= CR_OPTPG_Set;
    if(WRP0_Data != 0xFF)
    {
      OB->WRP0 = WRP0_Data;
  32:	8119      	strh	r1, [r3, #8]
C:\Users\Linux\Downloads\06_12\en.stsw-stm32054\STM32F10x_StdPeriph_Lib_V3.5.0\Libraries\STM32F10x_StdPeriph_Driver\src/stm32f10x_flash.c:1004
      
      /* Wait for last operation to be completed */
      status = FLASH_WaitForLastOperation(ProgramTimeout);
  34:	f7ff fffe 	bl	0 <FLASH_EnableWriteProtection>
C:\Users\Linux\Downloads\06_12\en.stsw-stm32054\STM32F10x_StdPeriph_Lib_V3.5.0\Libraries\STM32F10x_StdPeriph_Driver\src/stm32f10x_flash.c:1006
    }
    if((status == FLASH_COMPLETE) && (WRP1_Data != 0xFF))
  38:	2804      	cmp	r0, #4
  3a:	d122      	bne.n	82 <FLASH_EnableWriteProtection+0x82>
C:\Users\Linux\Downloads\06_12\en.stsw-stm32054\STM32F10x_StdPeriph_Lib_V3.5.0\Libraries\STM32F10x_StdPeriph_Driver\src/stm32f10x_flash.c:986
  /* Check the parameters */
  assert_param(IS_FLASH_WRPROT_PAGE(FLASH_Pages));
  
  FLASH_Pages = (uint32_t)(~FLASH_Pages);
  WRP0_Data = (uint16_t)(FLASH_Pages & WRP0_Mask);
  WRP1_Data = (uint16_t)((FLASH_Pages & WRP1_Mask) >> 8);
  3c:	f3c4 2207 	ubfx	r2, r4, #8, #8
C:\Users\Linux\Downloads\06_12\en.stsw-stm32054\STM32F10x_StdPeriph_Lib_V3.5.0\Libraries\STM32F10x_StdPeriph_Driver\src/stm32f10x_flash.c:1006
      OB->WRP0 = WRP0_Data;
      
      /* Wait for last operation to be completed */
      status = FLASH_WaitForLastOperation(ProgramTimeout);
    }
    if((status == FLASH_COMPLETE) && (WRP1_Data != 0xFF))
  40:	2aff      	cmp	r2, #255
  42:	d007      	beq.n	54 <FLASH_EnableWriteProtection+0x54>
C:\Users\Linux\Downloads\06_12\en.stsw-stm32054\STM32F10x_StdPeriph_Lib_V3.5.0\Libraries\STM32F10x_StdPeriph_Driver\src/stm32f10x_flash.c:1008
    {
      OB->WRP1 = WRP1_Data;
  44:	4b16      	ldr	r3, [pc, #88]	(a0 <FLASH_EnableWriteProtection+0xa0>)
C:\Users\Linux\Downloads\06_12\en.stsw-stm32054\STM32F10x_StdPeriph_Lib_V3.5.0\Libraries\STM32F10x_StdPeriph_Driver\src/stm32f10x_flash.c:1011
      
      /* Wait for last operation to be completed */
      status = FLASH_WaitForLastOperation(ProgramTimeout);
  46:	f44f 5000 	mov.w	r0, #8192	; 0x2000
C:\Users\Linux\Downloads\06_12\en.stsw-stm32054\STM32F10x_StdPeriph_Lib_V3.5.0\Libraries\STM32F10x_StdPeriph_Driver\src/stm32f10x_flash.c:1008
      /* Wait for last operation to be completed */
      status = FLASH_WaitForLastOperation(ProgramTimeout);
    }
    if((status == FLASH_COMPLETE) && (WRP1_Data != 0xFF))
    {
      OB->WRP1 = WRP1_Data;
  4a:	815a      	strh	r2, [r3, #10]
C:\Users\Linux\Downloads\06_12\en.stsw-stm32054\STM32F10x_StdPeriph_Lib_V3.5.0\Libraries\STM32F10x_StdPeriph_Driver\src/stm32f10x_flash.c:1011
      
      /* Wait for last operation to be completed */
      status = FLASH_WaitForLastOperation(ProgramTimeout);
  4c:	f7ff fffe 	bl	0 <FLASH_EnableWriteProtection>
C:\Users\Linux\Downloads\06_12\en.stsw-stm32054\STM32F10x_StdPeriph_Lib_V3.5.0\Libraries\STM32F10x_StdPeriph_Driver\src/stm32f10x_flash.c:1013
    }
    if((status == FLASH_COMPLETE) && (WRP2_Data != 0xFF))
  50:	2804      	cmp	r0, #4
  52:	d116      	bne.n	82 <FLASH_EnableWriteProtection+0x82>
C:\Users\Linux\Downloads\06_12\en.stsw-stm32054\STM32F10x_StdPeriph_Lib_V3.5.0\Libraries\STM32F10x_StdPeriph_Driver\src/stm32f10x_flash.c:987
  assert_param(IS_FLASH_WRPROT_PAGE(FLASH_Pages));
  
  FLASH_Pages = (uint32_t)(~FLASH_Pages);
  WRP0_Data = (uint16_t)(FLASH_Pages & WRP0_Mask);
  WRP1_Data = (uint16_t)((FLASH_Pages & WRP1_Mask) >> 8);
  WRP2_Data = (uint16_t)((FLASH_Pages & WRP2_Mask) >> 16);
  54:	f3c4 4207 	ubfx	r2, r4, #16, #8
C:\Users\Linux\Downloads\06_12\en.stsw-stm32054\STM32F10x_StdPeriph_Lib_V3.5.0\Libraries\STM32F10x_StdPeriph_Driver\src/stm32f10x_flash.c:1013
      OB->WRP1 = WRP1_Data;
      
      /* Wait for last operation to be completed */
      status = FLASH_WaitForLastOperation(ProgramTimeout);
    }
    if((status == FLASH_COMPLETE) && (WRP2_Data != 0xFF))
  58:	2aff      	cmp	r2, #255
  5a:	d007      	beq.n	6c <FLASH_EnableWriteProtection+0x6c>
C:\Users\Linux\Downloads\06_12\en.stsw-stm32054\STM32F10x_StdPeriph_Lib_V3.5.0\Libraries\STM32F10x_StdPeriph_Driver\src/stm32f10x_flash.c:1015
    {
      OB->WRP2 = WRP2_Data;
  5c:	4b10      	ldr	r3, [pc, #64]	(a0 <FLASH_EnableWriteProtection+0xa0>)
C:\Users\Linux\Downloads\06_12\en.stsw-stm32054\STM32F10x_StdPeriph_Lib_V3.5.0\Libraries\STM32F10x_StdPeriph_Driver\src/stm32f10x_flash.c:1018
      
      /* Wait for last operation to be completed */
      status = FLASH_WaitForLastOperation(ProgramTimeout);
  5e:	f44f 5000 	mov.w	r0, #8192	; 0x2000
C:\Users\Linux\Downloads\06_12\en.stsw-stm32054\STM32F10x_StdPeriph_Lib_V3.5.0\Libraries\STM32F10x_StdPeriph_Driver\src/stm32f10x_flash.c:1015
      /* Wait for last operation to be completed */
      status = FLASH_WaitForLastOperation(ProgramTimeout);
    }
    if((status == FLASH_COMPLETE) && (WRP2_Data != 0xFF))
    {
      OB->WRP2 = WRP2_Data;
  62:	819a      	strh	r2, [r3, #12]
C:\Users\Linux\Downloads\06_12\en.stsw-stm32054\STM32F10x_StdPeriph_Lib_V3.5.0\Libraries\STM32F10x_StdPeriph_Driver\src/stm32f10x_flash.c:1018
      
      /* Wait for last operation to be completed */
      status = FLASH_WaitForLastOperation(ProgramTimeout);
  64:	f7ff fffe 	bl	0 <FLASH_EnableWriteProtection>
C:\Users\Linux\Downloads\06_12\en.stsw-stm32054\STM32F10x_StdPeriph_Lib_V3.5.0\Libraries\STM32F10x_StdPeriph_Driver\src/stm32f10x_flash.c:1021
    }
    
    if((status == FLASH_COMPLETE)&& (WRP3_Data != 0xFF))
  68:	2804      	cmp	r0, #4
  6a:	d10a      	bne.n	82 <FLASH_EnableWriteProtection+0x82>
C:\Users\Linux\Downloads\06_12\en.stsw-stm32054\STM32F10x_StdPeriph_Lib_V3.5.0\Libraries\STM32F10x_StdPeriph_Driver\src/stm32f10x_flash.c:988
  
  FLASH_Pages = (uint32_t)(~FLASH_Pages);
  WRP0_Data = (uint16_t)(FLASH_Pages & WRP0_Mask);
  WRP1_Data = (uint16_t)((FLASH_Pages & WRP1_Mask) >> 8);
  WRP2_Data = (uint16_t)((FLASH_Pages & WRP2_Mask) >> 16);
  WRP3_Data = (uint16_t)((FLASH_Pages & WRP3_Mask) >> 24);
  6c:	0e20      	lsrs	r0, r4, #24
C:\Users\Linux\Downloads\06_12\en.stsw-stm32054\STM32F10x_StdPeriph_Lib_V3.5.0\Libraries\STM32F10x_StdPeriph_Driver\src/stm32f10x_flash.c:1021
      
      /* Wait for last operation to be completed */
      status = FLASH_WaitForLastOperation(ProgramTimeout);
    }
    
    if((status == FLASH_COMPLETE)&& (WRP3_Data != 0xFF))
  6e:	28ff      	cmp	r0, #255
  70:	d101      	bne.n	76 <FLASH_EnableWriteProtection+0x76>
  72:	2004      	movs	r0, #4
  74:	e007      	b.n	86 <FLASH_EnableWriteProtection+0x86>
C:\Users\Linux\Downloads\06_12\en.stsw-stm32054\STM32F10x_StdPeriph_Lib_V3.5.0\Libraries\STM32F10x_StdPeriph_Driver\src/stm32f10x_flash.c:1023
    {
      OB->WRP3 = WRP3_Data;
  76:	4b0a      	ldr	r3, [pc, #40]	(a0 <FLASH_EnableWriteProtection+0xa0>)
  78:	81d8      	strh	r0, [r3, #14]
C:\Users\Linux\Downloads\06_12\en.stsw-stm32054\STM32F10x_StdPeriph_Lib_V3.5.0\Libraries\STM32F10x_StdPeriph_Driver\src/stm32f10x_flash.c:1026
     
      /* Wait for last operation to be completed */
      status = FLASH_WaitForLastOperation(ProgramTimeout);
  7a:	f44f 5000 	mov.w	r0, #8192	; 0x2000
  7e:	f7ff fffe 	bl	0 <FLASH_EnableWriteProtection>
C:\Users\Linux\Downloads\06_12\en.stsw-stm32054\STM32F10x_StdPeriph_Lib_V3.5.0\Libraries\STM32F10x_StdPeriph_Driver\src/stm32f10x_flash.c:1029
    }
          
    if(status != FLASH_TIMEOUT)
  82:	2805      	cmp	r0, #5
  84:	d006      	beq.n	94 <FLASH_EnableWriteProtection+0x94>
C:\Users\Linux\Downloads\06_12\en.stsw-stm32054\STM32F10x_StdPeriph_Lib_V3.5.0\Libraries\STM32F10x_StdPeriph_Driver\src/stm32f10x_flash.c:1032
    {
      /* if the program operation is completed, disable the OPTPG Bit */
      FLASH->CR &= CR_OPTPG_Reset;
  86:	4904      	ldr	r1, [pc, #16]	(98 <FLASH_EnableWriteProtection+0x98>)
  88:	f641 73ef 	movw	r3, #8175	; 0x1fef
  8c:	690a      	ldr	r2, [r1, #16]
  8e:	ea02 0303 	and.w	r3, r2, r3
  92:	610b      	str	r3, [r1, #16]
C:\Users\Linux\Downloads\06_12\en.stsw-stm32054\STM32F10x_StdPeriph_Lib_V3.5.0\Libraries\STM32F10x_StdPeriph_Driver\src/stm32f10x_flash.c:1037
    }
  } 
  /* Return the write protection operation Status */
  return status;       
}
  94:	bd10      	pop	{r4, pc}
  96:	46c0      	nop			(mov r8, r8)
  98:	40022000 	.word	0x40022000
  9c:	45670123 	.word	0x45670123
  a0:	1ffff800 	.word	0x1ffff800
Disassembly of section .text.FLASH_ProgramOptionByteData:

00000000 <FLASH_ProgramOptionByteData>:
FLASH_ProgramOptionByteData():
C:\Users\Linux\Downloads\06_12\en.stsw-stm32054\STM32F10x_StdPeriph_Lib_V3.5.0\Libraries\STM32F10x_StdPeriph_Driver\src/stm32f10x_flash.c:930
  * @param  Data: specifies the data to be programmed.
  * @retval FLASH Status: The returned value can be: FLASH_ERROR_PG,
  *         FLASH_ERROR_WRP, FLASH_COMPLETE or FLASH_TIMEOUT. 
  */
FLASH_Status FLASH_ProgramOptionByteData(uint32_t Address, uint8_t Data)
{
   0:	b570      	push	{r4, r5, r6, lr}
   2:	4606      	mov	r6, r0
C:\Users\Linux\Downloads\06_12\en.stsw-stm32054\STM32F10x_StdPeriph_Lib_V3.5.0\Libraries\STM32F10x_StdPeriph_Driver\src/stm32f10x_flash.c:934
  FLASH_Status status = FLASH_COMPLETE;
  /* Check the parameters */
  assert_param(IS_OB_DATA_ADDRESS(Address));
  status = FLASH_WaitForLastOperation(ProgramTimeout);
   4:	f44f 5000 	mov.w	r0, #8192	; 0x2000
C:\Users\Linux\Downloads\06_12\en.stsw-stm32054\STM32F10x_StdPeriph_Lib_V3.5.0\Libraries\STM32F10x_StdPeriph_Driver\src/stm32f10x_flash.c:930
  * @param  Data: specifies the data to be programmed.
  * @retval FLASH Status: The returned value can be: FLASH_ERROR_PG,
  *         FLASH_ERROR_WRP, FLASH_COMPLETE or FLASH_TIMEOUT. 
  */
FLASH_Status FLASH_ProgramOptionByteData(uint32_t Address, uint8_t Data)
{
   8:	460d      	mov	r5, r1
C:\Users\Linux\Downloads\06_12\en.stsw-stm32054\STM32F10x_StdPeriph_Lib_V3.5.0\Libraries\STM32F10x_StdPeriph_Driver\src/stm32f10x_flash.c:934
  FLASH_Status status = FLASH_COMPLETE;
  /* Check the parameters */
  assert_param(IS_OB_DATA_ADDRESS(Address));
  status = FLASH_WaitForLastOperation(ProgramTimeout);
   a:	f7ff fffe 	bl	0 <FLASH_ProgramOptionByteData>
C:\Users\Linux\Downloads\06_12\en.stsw-stm32054\STM32F10x_StdPeriph_Lib_V3.5.0\Libraries\STM32F10x_StdPeriph_Driver\src/stm32f10x_flash.c:936

  if(status == FLASH_COMPLETE)
   e:	2804      	cmp	r0, #4
  10:	d116      	bne.n	40 <FLASH_ProgramOptionByteData+0x40>
C:\Users\Linux\Downloads\06_12\en.stsw-stm32054\STM32F10x_StdPeriph_Lib_V3.5.0\Libraries\STM32F10x_StdPeriph_Driver\src/stm32f10x_flash.c:939
  {
    /* Authorize the small information block programming */
    FLASH->OPTKEYR = FLASH_KEY1;
  12:	4c0c      	ldr	r4, [pc, #48]	(44 <FLASH_ProgramOptionByteData+0x44>)
  14:	4b0c      	ldr	r3, [pc, #48]	(48 <FLASH_ProgramOptionByteData+0x48>)
C:\Users\Linux\Downloads\06_12\en.stsw-stm32054\STM32F10x_StdPeriph_Lib_V3.5.0\Libraries\STM32F10x_StdPeriph_Driver\src/stm32f10x_flash.c:946
    /* Enables the Option Bytes Programming operation */
    FLASH->CR |= CR_OPTPG_Set; 
    *(__IO uint16_t*)Address = Data;
    
    /* Wait for last operation to be completed */
    status = FLASH_WaitForLastOperation(ProgramTimeout);
  16:	f44f 5000 	mov.w	r0, #8192	; 0x2000
C:\Users\Linux\Downloads\06_12\en.stsw-stm32054\STM32F10x_StdPeriph_Lib_V3.5.0\Libraries\STM32F10x_StdPeriph_Driver\src/stm32f10x_flash.c:939
  status = FLASH_WaitForLastOperation(ProgramTimeout);

  if(status == FLASH_COMPLETE)
  {
    /* Authorize the small information block programming */
    FLASH->OPTKEYR = FLASH_KEY1;
  1a:	60a3      	str	r3, [r4, #8]
C:\Users\Linux\Downloads\06_12\en.stsw-stm32054\STM32F10x_StdPeriph_Lib_V3.5.0\Libraries\STM32F10x_StdPeriph_Driver\src/stm32f10x_flash.c:940
    FLASH->OPTKEYR = FLASH_KEY2;
  1c:	f103 3388 	add.w	r3, r3, #2290649224	; 0x88888888
  20:	60a3      	str	r3, [r4, #8]
C:\Users\Linux\Downloads\06_12\en.stsw-stm32054\STM32F10x_StdPeriph_Lib_V3.5.0\Libraries\STM32F10x_StdPeriph_Driver\src/stm32f10x_flash.c:942
    /* Enables the Option Bytes Programming operation */
    FLASH->CR |= CR_OPTPG_Set; 
  22:	6923      	ldr	r3, [r4, #16]
  24:	f043 0310 	orr.w	r3, r3, #16	; 0x10
  28:	6123      	str	r3, [r4, #16]
C:\Users\Linux\Downloads\06_12\en.stsw-stm32054\STM32F10x_StdPeriph_Lib_V3.5.0\Libraries\STM32F10x_StdPeriph_Driver\src/stm32f10x_flash.c:943
    *(__IO uint16_t*)Address = Data;
  2a:	8035      	strh	r5, [r6, #0]
C:\Users\Linux\Downloads\06_12\en.stsw-stm32054\STM32F10x_StdPeriph_Lib_V3.5.0\Libraries\STM32F10x_StdPeriph_Driver\src/stm32f10x_flash.c:946
    
    /* Wait for last operation to be completed */
    status = FLASH_WaitForLastOperation(ProgramTimeout);
  2c:	f7ff fffe 	bl	0 <FLASH_ProgramOptionByteData>
C:\Users\Linux\Downloads\06_12\en.stsw-stm32054\STM32F10x_StdPeriph_Lib_V3.5.0\Libraries\STM32F10x_StdPeriph_Driver\src/stm32f10x_flash.c:947
    if(status != FLASH_TIMEOUT)
  30:	2805      	cmp	r0, #5
  32:	d005      	beq.n	40 <FLASH_ProgramOptionByteData+0x40>
C:\Users\Linux\Downloads\06_12\en.stsw-stm32054\STM32F10x_StdPeriph_Lib_V3.5.0\Libraries\STM32F10x_StdPeriph_Driver\src/stm32f10x_flash.c:950
    {
      /* if the program operation is completed, disable the OPTPG Bit */
      FLASH->CR &= CR_OPTPG_Reset;
  34:	6922      	ldr	r2, [r4, #16]
  36:	f641 73ef 	movw	r3, #8175	; 0x1fef
  3a:	ea02 0303 	and.w	r3, r2, r3
  3e:	6123      	str	r3, [r4, #16]
C:\Users\Linux\Downloads\06_12\en.stsw-stm32054\STM32F10x_StdPeriph_Lib_V3.5.0\Libraries\STM32F10x_StdPeriph_Driver\src/stm32f10x_flash.c:955
    }
  }
  /* Return the Option Byte Data Program Status */
  return status;
}
  40:	bd70      	pop	{r4, r5, r6, pc}
  42:	46c0      	nop			(mov r8, r8)
  44:	40022000 	.word	0x40022000
  48:	45670123 	.word	0x45670123
Disassembly of section .text.FLASH_ProgramHalfWord:

00000000 <FLASH_ProgramHalfWord>:
FLASH_ProgramHalfWord():
C:\Users\Linux\Downloads\06_12\en.stsw-stm32054\STM32F10x_StdPeriph_Lib_V3.5.0\Libraries\STM32F10x_StdPeriph_Driver\src/stm32f10x_flash.c:859
  * @param  Data: specifies the data to be programmed.
  * @retval FLASH Status: The returned value can be: FLASH_ERROR_PG,
  *         FLASH_ERROR_WRP, FLASH_COMPLETE or FLASH_TIMEOUT. 
  */
FLASH_Status FLASH_ProgramHalfWord(uint32_t Address, uint16_t Data)
{
   0:	b570      	push	{r4, r5, r6, lr}
   2:	4606      	mov	r6, r0
C:\Users\Linux\Downloads\06_12\en.stsw-stm32054\STM32F10x_StdPeriph_Lib_V3.5.0\Libraries\STM32F10x_StdPeriph_Driver\src/stm32f10x_flash.c:900
      FLASH->CR2 &= CR_PG_Reset;
    }
  }
#else
  /* Wait for last operation to be completed */
  status = FLASH_WaitForLastOperation(ProgramTimeout);
   4:	f44f 5000 	mov.w	r0, #8192	; 0x2000
C:\Users\Linux\Downloads\06_12\en.stsw-stm32054\STM32F10x_StdPeriph_Lib_V3.5.0\Libraries\STM32F10x_StdPeriph_Driver\src/stm32f10x_flash.c:859
  * @param  Data: specifies the data to be programmed.
  * @retval FLASH Status: The returned value can be: FLASH_ERROR_PG,
  *         FLASH_ERROR_WRP, FLASH_COMPLETE or FLASH_TIMEOUT. 
  */
FLASH_Status FLASH_ProgramHalfWord(uint32_t Address, uint16_t Data)
{
   8:	460d      	mov	r5, r1
C:\Users\Linux\Downloads\06_12\en.stsw-stm32054\STM32F10x_StdPeriph_Lib_V3.5.0\Libraries\STM32F10x_StdPeriph_Driver\src/stm32f10x_flash.c:900
      FLASH->CR2 &= CR_PG_Reset;
    }
  }
#else
  /* Wait for last operation to be completed */
  status = FLASH_WaitForLastOperation(ProgramTimeout);
   a:	f7ff fffe 	bl	0 <FLASH_ProgramHalfWord>
C:\Users\Linux\Downloads\06_12\en.stsw-stm32054\STM32F10x_StdPeriph_Lib_V3.5.0\Libraries\STM32F10x_StdPeriph_Driver\src/stm32f10x_flash.c:902
  
  if(status == FLASH_COMPLETE)
   e:	2804      	cmp	r0, #4
  10:	d10f      	bne.n	32 <FLASH_ProgramHalfWord+0x32>
C:\Users\Linux\Downloads\06_12\en.stsw-stm32054\STM32F10x_StdPeriph_Lib_V3.5.0\Libraries\STM32F10x_StdPeriph_Driver\src/stm32f10x_flash.c:905
  {
    /* if the previous operation is completed, proceed to program the new data */
    FLASH->CR |= CR_PG_Set;
  12:	4c08      	ldr	r4, [pc, #32]	(34 <FLASH_ProgramHalfWord+0x34>)
C:\Users\Linux\Downloads\06_12\en.stsw-stm32054\STM32F10x_StdPeriph_Lib_V3.5.0\Libraries\STM32F10x_StdPeriph_Driver\src/stm32f10x_flash.c:909
  
    *(__IO uint16_t*)Address = Data;
    /* Wait for last operation to be completed */
    status = FLASH_WaitForLastOperation(ProgramTimeout);
  14:	f44f 5000 	mov.w	r0, #8192	; 0x2000
C:\Users\Linux\Downloads\06_12\en.stsw-stm32054\STM32F10x_StdPeriph_Lib_V3.5.0\Libraries\STM32F10x_StdPeriph_Driver\src/stm32f10x_flash.c:905
  status = FLASH_WaitForLastOperation(ProgramTimeout);
  
  if(status == FLASH_COMPLETE)
  {
    /* if the previous operation is completed, proceed to program the new data */
    FLASH->CR |= CR_PG_Set;
  18:	6923      	ldr	r3, [r4, #16]
  1a:	f043 0301 	orr.w	r3, r3, #1	; 0x1
  1e:	6123      	str	r3, [r4, #16]
C:\Users\Linux\Downloads\06_12\en.stsw-stm32054\STM32F10x_StdPeriph_Lib_V3.5.0\Libraries\STM32F10x_StdPeriph_Driver\src/stm32f10x_flash.c:907
  
    *(__IO uint16_t*)Address = Data;
  20:	8035      	strh	r5, [r6, #0]
C:\Users\Linux\Downloads\06_12\en.stsw-stm32054\STM32F10x_StdPeriph_Lib_V3.5.0\Libraries\STM32F10x_StdPeriph_Driver\src/stm32f10x_flash.c:909
    /* Wait for last operation to be completed */
    status = FLASH_WaitForLastOperation(ProgramTimeout);
  22:	f7ff fffe 	bl	0 <FLASH_ProgramHalfWord>
C:\Users\Linux\Downloads\06_12\en.stsw-stm32054\STM32F10x_StdPeriph_Lib_V3.5.0\Libraries\STM32F10x_StdPeriph_Driver\src/stm32f10x_flash.c:912
    
    /* Disable the PG Bit */
    FLASH->CR &= CR_PG_Reset;
  26:	6922      	ldr	r2, [r4, #16]
  28:	f641 73fe 	movw	r3, #8190	; 0x1ffe
  2c:	ea02 0303 	and.w	r3, r2, r3
  30:	6123      	str	r3, [r4, #16]
C:\Users\Linux\Downloads\06_12\en.stsw-stm32054\STM32F10x_StdPeriph_Lib_V3.5.0\Libraries\STM32F10x_StdPeriph_Driver\src/stm32f10x_flash.c:918
  } 
#endif  /* STM32F10X_XL */
  
  /* Return the Program Status */
  return status;
}
  32:	bd70      	pop	{r4, r5, r6, pc}
  34:	40022000 	.word	0x40022000
Disassembly of section .text.FLASH_ProgramWord:

00000000 <FLASH_ProgramWord>:
FLASH_ProgramWord():
C:\Users\Linux\Downloads\06_12\en.stsw-stm32054\STM32F10x_StdPeriph_Lib_V3.5.0\Libraries\STM32F10x_StdPeriph_Driver\src/stm32f10x_flash.c:682
  * @param  Data: specifies the data to be programmed.
  * @retval FLASH Status: The returned value can be: FLASH_ERROR_PG,
  *         FLASH_ERROR_WRP, FLASH_COMPLETE or FLASH_TIMEOUT. 
  */
FLASH_Status FLASH_ProgramWord(uint32_t Address, uint32_t Data)
{
   0:	b573      	push	{r0, r1, r4, r5, r6, lr}
C:\Users\Linux\Downloads\06_12\en.stsw-stm32054\STM32F10x_StdPeriph_Lib_V3.5.0\Libraries\STM32F10x_StdPeriph_Driver\src/stm32f10x_flash.c:684
  FLASH_Status status = FLASH_COMPLETE;
  __IO uint32_t tmp = 0;
   2:	2300      	movs	r3, #0
C:\Users\Linux\Downloads\06_12\en.stsw-stm32054\STM32F10x_StdPeriph_Lib_V3.5.0\Libraries\STM32F10x_StdPeriph_Driver\src/stm32f10x_flash.c:682
  * @param  Data: specifies the data to be programmed.
  * @retval FLASH Status: The returned value can be: FLASH_ERROR_PG,
  *         FLASH_ERROR_WRP, FLASH_COMPLETE or FLASH_TIMEOUT. 
  */
FLASH_Status FLASH_ProgramWord(uint32_t Address, uint32_t Data)
{
   4:	4605      	mov	r5, r0
C:\Users\Linux\Downloads\06_12\en.stsw-stm32054\STM32F10x_StdPeriph_Lib_V3.5.0\Libraries\STM32F10x_StdPeriph_Driver\src/stm32f10x_flash.c:812
      }
    }
  }
#else
  /* Wait for last operation to be completed */
  status = FLASH_WaitForLastOperation(ProgramTimeout);
   6:	f44f 5000 	mov.w	r0, #8192	; 0x2000
C:\Users\Linux\Downloads\06_12\en.stsw-stm32054\STM32F10x_StdPeriph_Lib_V3.5.0\Libraries\STM32F10x_StdPeriph_Driver\src/stm32f10x_flash.c:682
  * @param  Data: specifies the data to be programmed.
  * @retval FLASH Status: The returned value can be: FLASH_ERROR_PG,
  *         FLASH_ERROR_WRP, FLASH_COMPLETE or FLASH_TIMEOUT. 
  */
FLASH_Status FLASH_ProgramWord(uint32_t Address, uint32_t Data)
{
   a:	460e      	mov	r6, r1
C:\Users\Linux\Downloads\06_12\en.stsw-stm32054\STM32F10x_StdPeriph_Lib_V3.5.0\Libraries\STM32F10x_StdPeriph_Driver\src/stm32f10x_flash.c:684
  FLASH_Status status = FLASH_COMPLETE;
  __IO uint32_t tmp = 0;
   c:	9301      	str	r3, [sp, #4]
C:\Users\Linux\Downloads\06_12\en.stsw-stm32054\STM32F10x_StdPeriph_Lib_V3.5.0\Libraries\STM32F10x_StdPeriph_Driver\src/stm32f10x_flash.c:812
      }
    }
  }
#else
  /* Wait for last operation to be completed */
  status = FLASH_WaitForLastOperation(ProgramTimeout);
   e:	f7ff fffe 	bl	0 <FLASH_ProgramWord>
C:\Users\Linux\Downloads\06_12\en.stsw-stm32054\STM32F10x_StdPeriph_Lib_V3.5.0\Libraries\STM32F10x_StdPeriph_Driver\src/stm32f10x_flash.c:814
  
  if(status == FLASH_COMPLETE)
  12:	2804      	cmp	r0, #4
  14:	d11b      	bne.n	4e <FLASH_ProgramWord+0x4e>
C:\Users\Linux\Downloads\06_12\en.stsw-stm32054\STM32F10x_StdPeriph_Lib_V3.5.0\Libraries\STM32F10x_StdPeriph_Driver\src/stm32f10x_flash.c:818
  {
    /* if the previous operation is completed, proceed to program the new first 
    half word */
    FLASH->CR |= CR_PG_Set;
  16:	4c0e      	ldr	r4, [pc, #56]	(50 <FLASH_ProgramWord+0x50>)
C:\Users\Linux\Downloads\06_12\en.stsw-stm32054\STM32F10x_StdPeriph_Lib_V3.5.0\Libraries\STM32F10x_StdPeriph_Driver\src/stm32f10x_flash.c:822
  
    *(__IO uint16_t*)Address = (uint16_t)Data;
    /* Wait for last operation to be completed */
    status = FLASH_WaitForLastOperation(ProgramTimeout);
  18:	f44f 5000 	mov.w	r0, #8192	; 0x2000
C:\Users\Linux\Downloads\06_12\en.stsw-stm32054\STM32F10x_StdPeriph_Lib_V3.5.0\Libraries\STM32F10x_StdPeriph_Driver\src/stm32f10x_flash.c:818
  
  if(status == FLASH_COMPLETE)
  {
    /* if the previous operation is completed, proceed to program the new first 
    half word */
    FLASH->CR |= CR_PG_Set;
  1c:	6923      	ldr	r3, [r4, #16]
  1e:	f043 0301 	orr.w	r3, r3, #1	; 0x1
  22:	6123      	str	r3, [r4, #16]
C:\Users\Linux\Downloads\06_12\en.stsw-stm32054\STM32F10x_StdPeriph_Lib_V3.5.0\Libraries\STM32F10x_StdPeriph_Driver\src/stm32f10x_flash.c:820
  
    *(__IO uint16_t*)Address = (uint16_t)Data;
  24:	b2b3      	uxth	r3, r6
  26:	802b      	strh	r3, [r5, #0]
C:\Users\Linux\Downloads\06_12\en.stsw-stm32054\STM32F10x_StdPeriph_Lib_V3.5.0\Libraries\STM32F10x_StdPeriph_Driver\src/stm32f10x_flash.c:822
    /* Wait for last operation to be completed */
    status = FLASH_WaitForLastOperation(ProgramTimeout);
  28:	f7ff fffe 	bl	0 <FLASH_ProgramWord>
C:\Users\Linux\Downloads\06_12\en.stsw-stm32054\STM32F10x_StdPeriph_Lib_V3.5.0\Libraries\STM32F10x_StdPeriph_Driver\src/stm32f10x_flash.c:824
 
    if(status == FLASH_COMPLETE)
  2c:	2804      	cmp	r0, #4
  2e:	d108      	bne.n	42 <FLASH_ProgramWord+0x42>
C:\Users\Linux\Downloads\06_12\en.stsw-stm32054\STM32F10x_StdPeriph_Lib_V3.5.0\Libraries\STM32F10x_StdPeriph_Driver\src/stm32f10x_flash.c:828
    {
      /* if the previous operation is completed, proceed to program the new second 
      half word */
      tmp = Address + 2;
  30:	1cab      	adds	r3, r5, #2
  32:	9301      	str	r3, [sp, #4]
C:\Users\Linux\Downloads\06_12\en.stsw-stm32054\STM32F10x_StdPeriph_Lib_V3.5.0\Libraries\STM32F10x_StdPeriph_Driver\src/stm32f10x_flash.c:830

      *(__IO uint16_t*) tmp = Data >> 16;
  34:	9a01      	ldr	r2, [sp, #4]
  36:	0c33      	lsrs	r3, r6, #16
  38:	8013      	strh	r3, [r2, #0]
C:\Users\Linux\Downloads\06_12\en.stsw-stm32054\STM32F10x_StdPeriph_Lib_V3.5.0\Libraries\STM32F10x_StdPeriph_Driver\src/stm32f10x_flash.c:833
    
      /* Wait for last operation to be completed */
      status = FLASH_WaitForLastOperation(ProgramTimeout);
  3a:	f44f 5000 	mov.w	r0, #8192	; 0x2000
  3e:	f7ff fffe 	bl	0 <FLASH_ProgramWord>
C:\Users\Linux\Downloads\06_12\en.stsw-stm32054\STM32F10x_StdPeriph_Lib_V3.5.0\Libraries\STM32F10x_StdPeriph_Driver\src/stm32f10x_flash.c:841
      FLASH->CR &= CR_PG_Reset;
    }
    else
    {
      /* Disable the PG Bit */
      FLASH->CR &= CR_PG_Reset;
  42:	6922      	ldr	r2, [r4, #16]
  44:	f641 73fe 	movw	r3, #8190	; 0x1ffe
  48:	ea02 0303 	and.w	r3, r2, r3
  4c:	6123      	str	r3, [r4, #16]
C:\Users\Linux\Downloads\06_12\en.stsw-stm32054\STM32F10x_StdPeriph_Lib_V3.5.0\Libraries\STM32F10x_StdPeriph_Driver\src/stm32f10x_flash.c:848
  }         
#endif /* STM32F10X_XL */
   
  /* Return the Program Status */
  return status;
}
  4e:	bd7c      	pop	{r2, r3, r4, r5, r6, pc}
  50:	40022000 	.word	0x40022000
Disassembly of section .text.FLASH_EraseOptionBytes:

00000000 <FLASH_EraseOptionBytes>:
FLASH_EraseOptionBytes():
C:\Users\Linux\Downloads\06_12\en.stsw-stm32054\STM32F10x_StdPeriph_Lib_V3.5.0\Libraries\STM32F10x_StdPeriph_Driver\src/stm32f10x_flash.c:617
  * @param  None
  * @retval FLASH Status: The returned value can be: FLASH_ERROR_PG,
  *         FLASH_ERROR_WRP, FLASH_COMPLETE or FLASH_TIMEOUT.
  */
FLASH_Status FLASH_EraseOptionBytes(void)
{
   0:	b570      	push	{r4, r5, r6, lr}
C:\Users\Linux\Downloads\06_12\en.stsw-stm32054\STM32F10x_StdPeriph_Lib_V3.5.0\Libraries\STM32F10x_StdPeriph_Driver\src/stm32f10x_flash.c:623
  uint16_t rdptmp = RDP_Key;

  FLASH_Status status = FLASH_COMPLETE;

  /* Get the actual read protection Option Byte value */ 
  if(FLASH_GetReadOutProtectionStatus() != RESET)
   2:	f7ff fffe 	bl	0 <FLASH_EraseOptionBytes>
   6:	2800      	cmp	r0, #0
   8:	bf0c      	ite	eq
   a:	25a5      	moveq	r5, #165
   c:	2500      	movne	r5, #0
C:\Users\Linux\Downloads\06_12\en.stsw-stm32054\STM32F10x_StdPeriph_Lib_V3.5.0\Libraries\STM32F10x_StdPeriph_Driver\src/stm32f10x_flash.c:629
  {
    rdptmp = 0x00;  
  }

  /* Wait for last operation to be completed */
  status = FLASH_WaitForLastOperation(EraseTimeout);
   e:	f44f 2030 	mov.w	r0, #720896	; 0xb0000
  12:	f7ff fffe 	bl	0 <FLASH_EraseOptionBytes>
C:\Users\Linux\Downloads\06_12\en.stsw-stm32054\STM32F10x_StdPeriph_Lib_V3.5.0\Libraries\STM32F10x_StdPeriph_Driver\src/stm32f10x_flash.c:630
  if(status == FLASH_COMPLETE)
  16:	2804      	cmp	r0, #4
  18:	d12b      	bne.n	72 <FLASH_EraseOptionBytes+0x72>
C:\Users\Linux\Downloads\06_12\en.stsw-stm32054\STM32F10x_StdPeriph_Lib_V3.5.0\Libraries\STM32F10x_StdPeriph_Driver\src/stm32f10x_flash.c:633
  {
    /* Authorize the small information block programming */
    FLASH->OPTKEYR = FLASH_KEY1;
  1a:	4c16      	ldr	r4, [pc, #88]	(74 <FLASH_EraseOptionBytes+0x74>)
  1c:	4b16      	ldr	r3, [pc, #88]	(78 <FLASH_EraseOptionBytes+0x78>)
C:\Users\Linux\Downloads\06_12\en.stsw-stm32054\STM32F10x_StdPeriph_Lib_V3.5.0\Libraries\STM32F10x_StdPeriph_Driver\src/stm32f10x_flash.c:640
    
    /* if the previous operation is completed, proceed to erase the option bytes */
    FLASH->CR |= CR_OPTER_Set;
    FLASH->CR |= CR_STRT_Set;
    /* Wait for last operation to be completed */
    status = FLASH_WaitForLastOperation(EraseTimeout);
  1e:	f44f 2030 	mov.w	r0, #720896	; 0xb0000
C:\Users\Linux\Downloads\06_12\en.stsw-stm32054\STM32F10x_StdPeriph_Lib_V3.5.0\Libraries\STM32F10x_StdPeriph_Driver\src/stm32f10x_flash.c:633
  /* Wait for last operation to be completed */
  status = FLASH_WaitForLastOperation(EraseTimeout);
  if(status == FLASH_COMPLETE)
  {
    /* Authorize the small information block programming */
    FLASH->OPTKEYR = FLASH_KEY1;
  22:	60a3      	str	r3, [r4, #8]
C:\Users\Linux\Downloads\06_12\en.stsw-stm32054\STM32F10x_StdPeriph_Lib_V3.5.0\Libraries\STM32F10x_StdPeriph_Driver\src/stm32f10x_flash.c:634
    FLASH->OPTKEYR = FLASH_KEY2;
  24:	f103 3388 	add.w	r3, r3, #2290649224	; 0x88888888
  28:	60a3      	str	r3, [r4, #8]
C:\Users\Linux\Downloads\06_12\en.stsw-stm32054\STM32F10x_StdPeriph_Lib_V3.5.0\Libraries\STM32F10x_StdPeriph_Driver\src/stm32f10x_flash.c:637
    
    /* if the previous operation is completed, proceed to erase the option bytes */
    FLASH->CR |= CR_OPTER_Set;
  2a:	6923      	ldr	r3, [r4, #16]
  2c:	f043 0320 	orr.w	r3, r3, #32	; 0x20
  30:	6123      	str	r3, [r4, #16]
C:\Users\Linux\Downloads\06_12\en.stsw-stm32054\STM32F10x_StdPeriph_Lib_V3.5.0\Libraries\STM32F10x_StdPeriph_Driver\src/stm32f10x_flash.c:638
    FLASH->CR |= CR_STRT_Set;
  32:	6923      	ldr	r3, [r4, #16]
  34:	f043 0340 	orr.w	r3, r3, #64	; 0x40
  38:	6123      	str	r3, [r4, #16]
C:\Users\Linux\Downloads\06_12\en.stsw-stm32054\STM32F10x_StdPeriph_Lib_V3.5.0\Libraries\STM32F10x_StdPeriph_Driver\src/stm32f10x_flash.c:640
    /* Wait for last operation to be completed */
    status = FLASH_WaitForLastOperation(EraseTimeout);
  3a:	f7ff fffe 	bl	0 <FLASH_EraseOptionBytes>
C:\Users\Linux\Downloads\06_12\en.stsw-stm32054\STM32F10x_StdPeriph_Lib_V3.5.0\Libraries\STM32F10x_StdPeriph_Driver\src/stm32f10x_flash.c:642
    
    if(status == FLASH_COMPLETE)
  3e:	2804      	cmp	r0, #4
  40:	d10f      	bne.n	62 <FLASH_EraseOptionBytes+0x62>
C:\Users\Linux\Downloads\06_12\en.stsw-stm32054\STM32F10x_StdPeriph_Lib_V3.5.0\Libraries\STM32F10x_StdPeriph_Driver\src/stm32f10x_flash.c:645
    {
      /* if the erase operation is completed, disable the OPTER Bit */
      FLASH->CR &= CR_OPTER_Reset;
  42:	6922      	ldr	r2, [r4, #16]
  44:	f641 73df 	movw	r3, #8159	; 0x1fdf
  48:	ea02 0303 	and.w	r3, r2, r3
  4c:	6123      	str	r3, [r4, #16]
C:\Users\Linux\Downloads\06_12\en.stsw-stm32054\STM32F10x_StdPeriph_Lib_V3.5.0\Libraries\STM32F10x_StdPeriph_Driver\src/stm32f10x_flash.c:648
       
      /* Enable the Option Bytes Programming operation */
      FLASH->CR |= CR_OPTPG_Set;
  4e:	6923      	ldr	r3, [r4, #16]
C:\Users\Linux\Downloads\06_12\en.stsw-stm32054\STM32F10x_StdPeriph_Lib_V3.5.0\Libraries\STM32F10x_StdPeriph_Driver\src/stm32f10x_flash.c:652
      /* Restore the last read protection Option Byte value */
      OB->RDP = (uint16_t)rdptmp; 
      /* Wait for last operation to be completed */
      status = FLASH_WaitForLastOperation(ProgramTimeout);
  50:	f44f 5000 	mov.w	r0, #8192	; 0x2000
C:\Users\Linux\Downloads\06_12\en.stsw-stm32054\STM32F10x_StdPeriph_Lib_V3.5.0\Libraries\STM32F10x_StdPeriph_Driver\src/stm32f10x_flash.c:648
    {
      /* if the erase operation is completed, disable the OPTER Bit */
      FLASH->CR &= CR_OPTER_Reset;
       
      /* Enable the Option Bytes Programming operation */
      FLASH->CR |= CR_OPTPG_Set;
  54:	f043 0310 	orr.w	r3, r3, #16	; 0x10
  58:	6123      	str	r3, [r4, #16]
C:\Users\Linux\Downloads\06_12\en.stsw-stm32054\STM32F10x_StdPeriph_Lib_V3.5.0\Libraries\STM32F10x_StdPeriph_Driver\src/stm32f10x_flash.c:650
      /* Restore the last read protection Option Byte value */
      OB->RDP = (uint16_t)rdptmp; 
  5a:	4b08      	ldr	r3, [pc, #32]	(7c <FLASH_EraseOptionBytes+0x7c>)
  5c:	801d      	strh	r5, [r3, #0]
C:\Users\Linux\Downloads\06_12\en.stsw-stm32054\STM32F10x_StdPeriph_Lib_V3.5.0\Libraries\STM32F10x_StdPeriph_Driver\src/stm32f10x_flash.c:652
      /* Wait for last operation to be completed */
      status = FLASH_WaitForLastOperation(ProgramTimeout);
  5e:	f7ff fffe 	bl	0 <FLASH_EraseOptionBytes>
C:\Users\Linux\Downloads\06_12\en.stsw-stm32054\STM32F10x_StdPeriph_Lib_V3.5.0\Libraries\STM32F10x_StdPeriph_Driver\src/stm32f10x_flash.c:662
        FLASH->CR &= CR_OPTPG_Reset;
      }
    }
    else
    {
      if (status != FLASH_TIMEOUT)
  62:	2805      	cmp	r0, #5
  64:	d005      	beq.n	72 <FLASH_EraseOptionBytes+0x72>
C:\Users\Linux\Downloads\06_12\en.stsw-stm32054\STM32F10x_StdPeriph_Lib_V3.5.0\Libraries\STM32F10x_StdPeriph_Driver\src/stm32f10x_flash.c:665
      {
        /* Disable the OPTPG Bit */
        FLASH->CR &= CR_OPTPG_Reset;
  66:	6922      	ldr	r2, [r4, #16]
  68:	f641 73ef 	movw	r3, #8175	; 0x1fef
  6c:	ea02 0303 	and.w	r3, r2, r3
  70:	6123      	str	r3, [r4, #16]
C:\Users\Linux\Downloads\06_12\en.stsw-stm32054\STM32F10x_StdPeriph_Lib_V3.5.0\Libraries\STM32F10x_StdPeriph_Driver\src/stm32f10x_flash.c:671
      }
    }  
  }
  /* Return the erase status */
  return status;
}
  72:	bd70      	pop	{r4, r5, r6, pc}
  74:	40022000 	.word	0x40022000
  78:	45670123 	.word	0x45670123
  7c:	1ffff800 	.word	0x1ffff800
Disassembly of section .text.FLASH_EraseAllPages:

00000000 <FLASH_EraseAllPages>:
FLASH_EraseAllPages():
C:\Users\Linux\Downloads\06_12\en.stsw-stm32054\STM32F10x_StdPeriph_Lib_V3.5.0\Libraries\STM32F10x_StdPeriph_Driver\src/stm32f10x_flash.c:493
  * @param  None
  * @retval FLASH Status: The returned value can be: FLASH_ERROR_PG,
  *         FLASH_ERROR_WRP, FLASH_COMPLETE or FLASH_TIMEOUT.
  */
FLASH_Status FLASH_EraseAllPages(void)
{
   0:	b510      	push	{r4, lr}
C:\Users\Linux\Downloads\06_12\en.stsw-stm32054\STM32F10x_StdPeriph_Lib_V3.5.0\Libraries\STM32F10x_StdPeriph_Driver\src/stm32f10x_flash.c:526
    /* Disable the MER Bit */
    FLASH->CR2 &= CR_MER_Reset;
  }
#else
  /* Wait for last operation to be completed */
  status = FLASH_WaitForLastOperation(EraseTimeout);
   2:	f44f 2030 	mov.w	r0, #720896	; 0xb0000
   6:	f7ff fffe 	bl	0 <FLASH_EraseAllPages>
C:\Users\Linux\Downloads\06_12\en.stsw-stm32054\STM32F10x_StdPeriph_Lib_V3.5.0\Libraries\STM32F10x_StdPeriph_Driver\src/stm32f10x_flash.c:527
  if(status == FLASH_COMPLETE)
   a:	2804      	cmp	r0, #4
   c:	d112      	bne.n	34 <FLASH_EraseAllPages+0x34>
C:\Users\Linux\Downloads\06_12\en.stsw-stm32054\STM32F10x_StdPeriph_Lib_V3.5.0\Libraries\STM32F10x_StdPeriph_Driver\src/stm32f10x_flash.c:530
  {
    /* if the previous operation is completed, proceed to erase all pages */
     FLASH->CR |= CR_MER_Set;
   e:	4c0a      	ldr	r4, [pc, #40]	(38 <FLASH_EraseAllPages+0x38>)
C:\Users\Linux\Downloads\06_12\en.stsw-stm32054\STM32F10x_StdPeriph_Lib_V3.5.0\Libraries\STM32F10x_StdPeriph_Driver\src/stm32f10x_flash.c:534
     FLASH->CR |= CR_STRT_Set;
    
    /* Wait for last operation to be completed */
    status = FLASH_WaitForLastOperation(EraseTimeout);
  10:	f44f 2030 	mov.w	r0, #720896	; 0xb0000
C:\Users\Linux\Downloads\06_12\en.stsw-stm32054\STM32F10x_StdPeriph_Lib_V3.5.0\Libraries\STM32F10x_StdPeriph_Driver\src/stm32f10x_flash.c:530
  /* Wait for last operation to be completed */
  status = FLASH_WaitForLastOperation(EraseTimeout);
  if(status == FLASH_COMPLETE)
  {
    /* if the previous operation is completed, proceed to erase all pages */
     FLASH->CR |= CR_MER_Set;
  14:	6923      	ldr	r3, [r4, #16]
  16:	f043 0304 	orr.w	r3, r3, #4	; 0x4
  1a:	6123      	str	r3, [r4, #16]
C:\Users\Linux\Downloads\06_12\en.stsw-stm32054\STM32F10x_StdPeriph_Lib_V3.5.0\Libraries\STM32F10x_StdPeriph_Driver\src/stm32f10x_flash.c:531
     FLASH->CR |= CR_STRT_Set;
  1c:	6923      	ldr	r3, [r4, #16]
  1e:	f043 0340 	orr.w	r3, r3, #64	; 0x40
  22:	6123      	str	r3, [r4, #16]
C:\Users\Linux\Downloads\06_12\en.stsw-stm32054\STM32F10x_StdPeriph_Lib_V3.5.0\Libraries\STM32F10x_StdPeriph_Driver\src/stm32f10x_flash.c:534
    
    /* Wait for last operation to be completed */
    status = FLASH_WaitForLastOperation(EraseTimeout);
  24:	f7ff fffe 	bl	0 <FLASH_EraseAllPages>
C:\Users\Linux\Downloads\06_12\en.stsw-stm32054\STM32F10x_StdPeriph_Lib_V3.5.0\Libraries\STM32F10x_StdPeriph_Driver\src/stm32f10x_flash.c:537

    /* Disable the MER Bit */
    FLASH->CR &= CR_MER_Reset;
  28:	6922      	ldr	r2, [r4, #16]
  2a:	f641 73fb 	movw	r3, #8187	; 0x1ffb
  2e:	ea02 0303 	and.w	r3, r2, r3
  32:	6123      	str	r3, [r4, #16]
C:\Users\Linux\Downloads\06_12\en.stsw-stm32054\STM32F10x_StdPeriph_Lib_V3.5.0\Libraries\STM32F10x_StdPeriph_Driver\src/stm32f10x_flash.c:543
  }
#endif /* STM32F10X_XL */

  /* Return the Erase Status */
  return status;
}
  34:	bd10      	pop	{r4, pc}
  36:	46c0      	nop			(mov r8, r8)
  38:	40022000 	.word	0x40022000
Disassembly of section .text.FLASH_ErasePage:

00000000 <FLASH_ErasePage>:
FLASH_ErasePage():
C:\Users\Linux\Downloads\06_12\en.stsw-stm32054\STM32F10x_StdPeriph_Lib_V3.5.0\Libraries\STM32F10x_StdPeriph_Driver\src/stm32f10x_flash.c:420
  * @param  Page_Address: The page address to be erased.
  * @retval FLASH Status: The returned value can be: FLASH_BUSY, FLASH_ERROR_PG,
  *         FLASH_ERROR_WRP, FLASH_COMPLETE or FLASH_TIMEOUT.
  */
FLASH_Status FLASH_ErasePage(uint32_t Page_Address)
{
   0:	b570      	push	{r4, r5, r6, lr}
   2:	4605      	mov	r5, r0
C:\Users\Linux\Downloads\06_12\en.stsw-stm32054\STM32F10x_StdPeriph_Lib_V3.5.0\Libraries\STM32F10x_StdPeriph_Driver\src/stm32f10x_flash.c:464
      FLASH->CR2 &= CR_PER_Reset;
    }
  }
#else
  /* Wait for last operation to be completed */
  status = FLASH_WaitForLastOperation(EraseTimeout);
   4:	f44f 2030 	mov.w	r0, #720896	; 0xb0000
   8:	f7ff fffe 	bl	0 <FLASH_ErasePage>
C:\Users\Linux\Downloads\06_12\en.stsw-stm32054\STM32F10x_StdPeriph_Lib_V3.5.0\Libraries\STM32F10x_StdPeriph_Driver\src/stm32f10x_flash.c:466
  
  if(status == FLASH_COMPLETE)
   c:	2804      	cmp	r0, #4
   e:	d113      	bne.n	38 <FLASH_ErasePage+0x38>
C:\Users\Linux\Downloads\06_12\en.stsw-stm32054\STM32F10x_StdPeriph_Lib_V3.5.0\Libraries\STM32F10x_StdPeriph_Driver\src/stm32f10x_flash.c:469
  { 
    /* if the previous operation is completed, proceed to erase the page */
    FLASH->CR|= CR_PER_Set;
  10:	4c0a      	ldr	r4, [pc, #40]	(3c <FLASH_ErasePage+0x3c>)
C:\Users\Linux\Downloads\06_12\en.stsw-stm32054\STM32F10x_StdPeriph_Lib_V3.5.0\Libraries\STM32F10x_StdPeriph_Driver\src/stm32f10x_flash.c:474
    FLASH->AR = Page_Address; 
    FLASH->CR|= CR_STRT_Set;
    
    /* Wait for last operation to be completed */
    status = FLASH_WaitForLastOperation(EraseTimeout);
  12:	f44f 2030 	mov.w	r0, #720896	; 0xb0000
C:\Users\Linux\Downloads\06_12\en.stsw-stm32054\STM32F10x_StdPeriph_Lib_V3.5.0\Libraries\STM32F10x_StdPeriph_Driver\src/stm32f10x_flash.c:469
  status = FLASH_WaitForLastOperation(EraseTimeout);
  
  if(status == FLASH_COMPLETE)
  { 
    /* if the previous operation is completed, proceed to erase the page */
    FLASH->CR|= CR_PER_Set;
  16:	6923      	ldr	r3, [r4, #16]
  18:	f043 0302 	orr.w	r3, r3, #2	; 0x2
  1c:	6123      	str	r3, [r4, #16]
C:\Users\Linux\Downloads\06_12\en.stsw-stm32054\STM32F10x_StdPeriph_Lib_V3.5.0\Libraries\STM32F10x_StdPeriph_Driver\src/stm32f10x_flash.c:470
    FLASH->AR = Page_Address; 
  1e:	6165      	str	r5, [r4, #20]
C:\Users\Linux\Downloads\06_12\en.stsw-stm32054\STM32F10x_StdPeriph_Lib_V3.5.0\Libraries\STM32F10x_StdPeriph_Driver\src/stm32f10x_flash.c:471
    FLASH->CR|= CR_STRT_Set;
  20:	6923      	ldr	r3, [r4, #16]
  22:	f043 0340 	orr.w	r3, r3, #64	; 0x40
  26:	6123      	str	r3, [r4, #16]
C:\Users\Linux\Downloads\06_12\en.stsw-stm32054\STM32F10x_StdPeriph_Lib_V3.5.0\Libraries\STM32F10x_StdPeriph_Driver\src/stm32f10x_flash.c:474
    
    /* Wait for last operation to be completed */
    status = FLASH_WaitForLastOperation(EraseTimeout);
  28:	f7ff fffe 	bl	0 <FLASH_ErasePage>
C:\Users\Linux\Downloads\06_12\en.stsw-stm32054\STM32F10x_StdPeriph_Lib_V3.5.0\Libraries\STM32F10x_StdPeriph_Driver\src/stm32f10x_flash.c:477
    
    /* Disable the PER Bit */
    FLASH->CR &= CR_PER_Reset;
  2c:	6922      	ldr	r2, [r4, #16]
  2e:	f641 73fd 	movw	r3, #8189	; 0x1ffd
  32:	ea02 0303 	and.w	r3, r2, r3
  36:	6123      	str	r3, [r4, #16]
C:\Users\Linux\Downloads\06_12\en.stsw-stm32054\STM32F10x_StdPeriph_Lib_V3.5.0\Libraries\STM32F10x_StdPeriph_Driver\src/stm32f10x_flash.c:483
  }
#endif /* STM32F10X_XL */

  /* Return the Erase Status */
  return status;
}
  38:	bd70      	pop	{r4, r5, r6, pc}
  3a:	46c0      	nop			(mov r8, r8)
  3c:	40022000 	.word	0x40022000
Disassembly of section .text.FLASH_WaitForLastBank1Operation:

00000000 <FLASH_WaitForLastBank1Operation>:
FLASH_WaitForLastBank1Operation():
C:\Users\Linux\Downloads\06_12\en.stsw-stm32054\STM32F10x_StdPeriph_Lib_V3.5.0\Libraries\STM32F10x_StdPeriph_Driver\src/stm32f10x_flash.c:1624
  * @param  Timeout: FLASH programming Timeout
  * @retval FLASH Status: The returned value can be: FLASH_ERROR_PG,
  *         FLASH_ERROR_WRP, FLASH_COMPLETE or FLASH_TIMEOUT.
  */
FLASH_Status FLASH_WaitForLastBank1Operation(uint32_t Timeout)
{ 
   0:	b510      	push	{r4, lr}
   2:	4604      	mov	r4, r0
C:\Users\Linux\Downloads\06_12\en.stsw-stm32054\STM32F10x_StdPeriph_Lib_V3.5.0\Libraries\STM32F10x_StdPeriph_Driver\src/stm32f10x_flash.c:1628
  FLASH_Status status = FLASH_COMPLETE;
   
  /* Check for the Flash Status */
  status = FLASH_GetBank1Status();
   4:	f7ff fffe 	bl	0 <FLASH_WaitForLastBank1Operation>
   8:	e002      	b.n	8 <FLASH_WaitForLastBank1Operation+0x8>
C:\Users\Linux\Downloads\06_12\en.stsw-stm32054\STM32F10x_StdPeriph_Lib_V3.5.0\Libraries\STM32F10x_StdPeriph_Driver\src/stm32f10x_flash.c:1632
  /* Wait for a Flash operation to complete or a TIMEOUT to occur */
  while((status == FLASH_FLAG_BANK1_BSY) && (Timeout != 0x00))
  {
    status = FLASH_GetBank1Status();
   a:	f7ff fffe 	bl	0 <FLASH_WaitForLastBank1Operation>
C:\Users\Linux\Downloads\06_12\en.stsw-stm32054\STM32F10x_StdPeriph_Lib_V3.5.0\Libraries\STM32F10x_StdPeriph_Driver\src/stm32f10x_flash.c:1633
    Timeout--;
   e:	3c01      	subs	r4, #1
C:\Users\Linux\Downloads\06_12\en.stsw-stm32054\STM32F10x_StdPeriph_Lib_V3.5.0\Libraries\STM32F10x_StdPeriph_Driver\src/stm32f10x_flash.c:1630
  FLASH_Status status = FLASH_COMPLETE;
   
  /* Check for the Flash Status */
  status = FLASH_GetBank1Status();
  /* Wait for a Flash operation to complete or a TIMEOUT to occur */
  while((status == FLASH_FLAG_BANK1_BSY) && (Timeout != 0x00))
  10:	2801      	cmp	r0, #1
  12:	d102      	bne.n	1a <FLASH_WaitForLastBank1Operation+0x1a>
  14:	2c00      	cmp	r4, #0
  16:	d1f8      	bne.n	a <FLASH_WaitForLastBank1Operation+0xa>
  18:	e000      	b.n	1c <FLASH_WaitForLastBank1Operation+0x1c>
C:\Users\Linux\Downloads\06_12\en.stsw-stm32054\STM32F10x_StdPeriph_Lib_V3.5.0\Libraries\STM32F10x_StdPeriph_Driver\src/stm32f10x_flash.c:1635
  {
    status = FLASH_GetBank1Status();
    Timeout--;
  }
  if(Timeout == 0x00 )
  1a:	b904      	cbnz	r4, 1e <FLASH_WaitForLastBank1Operation+0x1e>
  1c:	2005      	movs	r0, #5
C:\Users\Linux\Downloads\06_12\en.stsw-stm32054\STM32F10x_StdPeriph_Lib_V3.5.0\Libraries\STM32F10x_StdPeriph_Driver\src/stm32f10x_flash.c:1641
  {
    status = FLASH_TIMEOUT;
  }
  /* Return the operation status */
  return status;
}
  1e:	bd10      	pop	{r4, pc}
Disassembly of section .text.FLASH_EraseAllBank1Pages:

00000000 <FLASH_EraseAllBank1Pages>:
FLASH_EraseAllBank1Pages():
C:\Users\Linux\Downloads\06_12\en.stsw-stm32054\STM32F10x_StdPeriph_Lib_V3.5.0\Libraries\STM32F10x_StdPeriph_Driver\src/stm32f10x_flash.c:556
  * @param  None
  * @retval FLASH Status: The returned value can be: FLASH_ERROR_PG,
  *         FLASH_ERROR_WRP, FLASH_COMPLETE or FLASH_TIMEOUT.
  */
FLASH_Status FLASH_EraseAllBank1Pages(void)
{
   0:	b510      	push	{r4, lr}
C:\Users\Linux\Downloads\06_12\en.stsw-stm32054\STM32F10x_StdPeriph_Lib_V3.5.0\Libraries\STM32F10x_StdPeriph_Driver\src/stm32f10x_flash.c:559
  FLASH_Status status = FLASH_COMPLETE;
  /* Wait for last operation to be completed */
  status = FLASH_WaitForLastBank1Operation(EraseTimeout);
   2:	f44f 2030 	mov.w	r0, #720896	; 0xb0000
   6:	f7ff fffe 	bl	0 <FLASH_EraseAllBank1Pages>
C:\Users\Linux\Downloads\06_12\en.stsw-stm32054\STM32F10x_StdPeriph_Lib_V3.5.0\Libraries\STM32F10x_StdPeriph_Driver\src/stm32f10x_flash.c:561
  
  if(status == FLASH_COMPLETE)
   a:	2804      	cmp	r0, #4
   c:	d112      	bne.n	34 <FLASH_EraseAllBank1Pages+0x34>
C:\Users\Linux\Downloads\06_12\en.stsw-stm32054\STM32F10x_StdPeriph_Lib_V3.5.0\Libraries\STM32F10x_StdPeriph_Driver\src/stm32f10x_flash.c:564
  {
    /* if the previous operation is completed, proceed to erase all pages */
     FLASH->CR |= CR_MER_Set;
   e:	4c0a      	ldr	r4, [pc, #40]	(38 <FLASH_EraseAllBank1Pages+0x38>)
C:\Users\Linux\Downloads\06_12\en.stsw-stm32054\STM32F10x_StdPeriph_Lib_V3.5.0\Libraries\STM32F10x_StdPeriph_Driver\src/stm32f10x_flash.c:568
     FLASH->CR |= CR_STRT_Set;
    
    /* Wait for last operation to be completed */
    status = FLASH_WaitForLastBank1Operation(EraseTimeout);
  10:	f44f 2030 	mov.w	r0, #720896	; 0xb0000
C:\Users\Linux\Downloads\06_12\en.stsw-stm32054\STM32F10x_StdPeriph_Lib_V3.5.0\Libraries\STM32F10x_StdPeriph_Driver\src/stm32f10x_flash.c:564
  status = FLASH_WaitForLastBank1Operation(EraseTimeout);
  
  if(status == FLASH_COMPLETE)
  {
    /* if the previous operation is completed, proceed to erase all pages */
     FLASH->CR |= CR_MER_Set;
  14:	6923      	ldr	r3, [r4, #16]
  16:	f043 0304 	orr.w	r3, r3, #4	; 0x4
  1a:	6123      	str	r3, [r4, #16]
C:\Users\Linux\Downloads\06_12\en.stsw-stm32054\STM32F10x_StdPeriph_Lib_V3.5.0\Libraries\STM32F10x_StdPeriph_Driver\src/stm32f10x_flash.c:565
     FLASH->CR |= CR_STRT_Set;
  1c:	6923      	ldr	r3, [r4, #16]
  1e:	f043 0340 	orr.w	r3, r3, #64	; 0x40
  22:	6123      	str	r3, [r4, #16]
C:\Users\Linux\Downloads\06_12\en.stsw-stm32054\STM32F10x_StdPeriph_Lib_V3.5.0\Libraries\STM32F10x_StdPeriph_Driver\src/stm32f10x_flash.c:568
    
    /* Wait for last operation to be completed */
    status = FLASH_WaitForLastBank1Operation(EraseTimeout);
  24:	f7ff fffe 	bl	0 <FLASH_EraseAllBank1Pages>
C:\Users\Linux\Downloads\06_12\en.stsw-stm32054\STM32F10x_StdPeriph_Lib_V3.5.0\Libraries\STM32F10x_StdPeriph_Driver\src/stm32f10x_flash.c:571
    
    /* Disable the MER Bit */
    FLASH->CR &= CR_MER_Reset;
  28:	6922      	ldr	r2, [r4, #16]
  2a:	f641 73fb 	movw	r3, #8187	; 0x1ffb
  2e:	ea02 0303 	and.w	r3, r2, r3
  32:	6123      	str	r3, [r4, #16]
C:\Users\Linux\Downloads\06_12\en.stsw-stm32054\STM32F10x_StdPeriph_Lib_V3.5.0\Libraries\STM32F10x_StdPeriph_Driver\src/stm32f10x_flash.c:575
  }    
  /* Return the Erase Status */
  return status;
}
  34:	bd10      	pop	{r4, pc}
  36:	46c0      	nop			(mov r8, r8)
  38:	40022000 	.word	0x40022000
